#
# There is insufficient memory for the Java Runtime Environment to continue.
# Native memory allocation (malloc) failed to allocate 1302896 bytes for Chunk::new
# Possible reasons:
#   The system is out of physical RAM or swap space
#   The process is running with CompressedOops enabled, and the Java Heap may be blocking the growth of the native heap
# Possible solutions:
#   Reduce memory load on the system
#   Increase physical memory or swap space
#   Check if swap backing store is full
#   Decrease Java heap size (-Xmx/-Xms)
#   Decrease number of Java threads
#   Decrease Java thread stack sizes (-Xss)
#   Set larger code cache with -XX:ReservedCodeCacheSize=
#   JVM is running with Zero Based Compressed Oops mode in which the Java heap is
#     placed in the first 32GB address space. The Java Heap base address is the
#     maximum limit for the native heap growth. Please use -XX:HeapBaseMinAddress
#     to set the Java Heap base and to place the Java Heap above 32GB virtual address.
# This output file may be truncated or incomplete.
#
#  Out of Memory Error (arena.cpp:189), pid=22100, tid=6868
#
# JRE version: OpenJDK Runtime Environment Microsoft-8035246 (17.0.8+7) (build 17.0.8+7-LTS)
# Java VM: OpenJDK 64-Bit Server VM Microsoft-8035246 (17.0.8+7-LTS, mixed mode, tiered, compressed oops, compressed class ptrs, g1 gc, windows-amd64)
# No core dump will be written. Minidumps are not enabled by default on client versions of Windows
#

---------------  S U M M A R Y ------------

Command Line: -XX:HeapDumpPath=MojangTricksIntelDriversForPerformance_javaw.exe_minecraft.exe.heapdump -Djava.library.path=D:\Cursey Forgy\Install\bin\cf2d1989014a70c9e2a96fd886f0adbe1222e2d3 -Djna.tmpdir=D:\Cursey Forgy\Install\bin\cf2d1989014a70c9e2a96fd886f0adbe1222e2d3 -Dorg.lwjgl.system.SharedLibraryExtractPath=D:\Cursey Forgy\Install\bin\cf2d1989014a70c9e2a96fd886f0adbe1222e2d3 -Dio.netty.native.workdir=D:\Cursey Forgy\Install\bin\cf2d1989014a70c9e2a96fd886f0adbe1222e2d3 -Dminecraft.launcher.brand=minecraft-launcher -Dminecraft.launcher.version=2.22.14 -Djava.net.preferIPv6Addresses=system -DignoreList=bootstraplauncher,securejarhandler,asm-commons,asm-util,asm-analysis,asm-tree,asm,JarJarFileSystems,client-extra,fmlcore,javafmllanguage,lowcodelanguage,mclanguage,forge-,forge-47.2.23.jar,forge-47.2.23 -DmergeModules=jna-5.10.0.jar,jna-platform-5.10.0.jar -DlibraryDirectory=D:\Cursey Forgy\Install\libraries --module-path=D:\Cursey Forgy\Install\libraries/cpw/mods/bootstraplauncher/1.1.2/bootstraplauncher-1.1.2.jar;D:\Cursey Forgy\Install\libraries/cpw/mods/securejarhandler/2.1.10/securejarhandler-2.1.10.jar;D:\Cursey Forgy\Install\libraries/org/ow2/asm/asm-commons/9.7/asm-commons-9.7.jar;D:\Cursey Forgy\Install\libraries/org/ow2/asm/asm-util/9.7/asm-util-9.7.jar;D:\Cursey Forgy\Install\libraries/org/ow2/asm/asm-analysis/9.7/asm-analysis-9.7.jar;D:\Cursey Forgy\Install\libraries/org/ow2/asm/asm-tree/9.7/asm-tree-9.7.jar;D:\Cursey Forgy\Install\libraries/org/ow2/asm/asm/9.7/asm-9.7.jar;D:\Cursey Forgy\Install\libraries/net/minecraftforge/JarJarFileSystems/0.3.19/JarJarFileSystems-0.3.19.jar --add-modules=ALL-MODULE-PATH --add-opens=java.base/java.util.jar=cpw.mods.securejarhandler --add-opens=java.base/java.lang.invoke=cpw.mods.securejarhandler --add-exports=java.base/sun.security.util=cpw.mods.securejarhandler --add-exports=jdk.naming.dns/com.sun.jndi.dns=java.naming -Xmx3904m -Xms256m -Dminecraft.applet.TargetDirectory=D:\Cursey Forgy\Instances\SkyMachina -Dfml.ignorePatchDiscrepancies=true -Dfml.ignoreInvalidMinecraftCertificates=true -Duser.language=en -Duser.country=US -DlibraryDirectory=D:\Cursey Forgy\Install\libraries -XX:+UseG1GC -XX:+ParallelRefProcEnabled -XX:MaxGCPauseMillis=200 -XX:+UnlockExperimentalVMOptions -XX:+DisableExplicitGC -XX:+AlwaysPreTouch -XX:G1NewSizePercent=30 -XX:G1MaxNewSizePercent=40 -XX:G1HeapRegionSize=32M -XX:G1ReservePercent=20 -XX:G1HeapWastePercent=5 -XX:G1MixedGCCountTarget=4 -XX:InitiatingHeapOccupancyPercent=15 -XX:G1MixedGCLiveThresholdPercent=90 -XX:G1RSetUpdatingPauseTimePercent=5 -XX:SurvivorRatio=32 -XX:+PerfDisableSharedMem -XX:MaxTenuringThreshold=1 -Dusing.aikars.flags=https://mcflags.emc.gs -Daikars.new.flags=true -Dlog4j.configurationFile=D:\Cursey Forgy\Install\assets\log_configs\client-1.12.xml cpw.mods.bootstraplauncher.BootstrapLauncher --username ACrazyD --version forge-47.2.23 --gameDir D:\Cursey Forgy\Instances\SkyMachina --assetsDir D:\Cursey Forgy\Install\assets --assetIndex 5 --uuid e7571960a0c04e1e80c06bff047db401 --accessToken eyJraWQiOiJhYzg0YSIsImFsZyI6IkhTMjU2In0.eyJ4dWlkIjoiMjUzNTQ3MjI5ODc3NTQ1MyIsImFnZyI6IkFkdWx0Iiwic3ViIjoiYTViNTk5NGEtNmFjNC00ODA2LTlkZDQtNWMxZmIyZGUxMzNkIiwiYXV0aCI6IlhCT1giLCJucyI6ImRlZmF1bHQiLCJyb2xlcyI6W10sImlzcyI6ImF1dGhlbnRpY2F0aW9uIiwiZmxhZ3MiOlsidHdvZmFjdG9yYXV0aCIsIm1zYW1pZ3JhdGlvbl9zdGFnZTQiLCJvcmRlcnNfMjAyMiIsIm11bHRpcGxheWVyIl0sInByb2ZpbGVzIjp7Im1jIjoiZTc1NzE5NjAtYTBjMC00ZTFlLTgwYzAtNmJmZjA0N2RiNDAxIn0sInBsYXRmb3JtIjoiUENfTEFVTkNIRVIiLCJ5dWlkIjoiM2ZlOWZjMTRiYmMyNGE2ZDYyYzgwMDdjNjkyZDFlNDYiLCJuYmYiOjE3MTM2MzQzNDEsImV4cCI6MTcxMzcyMDc0MSwiaWF0IjoxNzEzNjM0MzQxfQ._kyXmNjmF4IiCroUA7xYqMFUUj4XmeK_bLM3LKivUeo --clientId MDUyYzg1ZDgtM2RjMy00NDY1LWFkZTUtNmEzOThhYWM1NDE3 --xuid 2535472298775453 --userType msa --versionType release --width 1024 --height 768 --quickPlayPath D:\Cursey Forgy\Install\quickPlay\java\1713634938574.json --launchTarget forgeclient --fml.forgeVersion 47.2.23 --fml.mcVersion 1.20.1 --fml.forgeGroup net.minecraftforge --fml.mcpVersion 20230612.114412

Host: Intel(R) Core(TM) i7-7700HQ CPU @ 2.80GHz, 8 cores, 7G,  Windows 11 , 64 bit Build 22621 (10.0.22621.3374)
Time: Sat Apr 20 13:45:18 2024 Eastern Daylight Time elapsed time: 174.796264 seconds (0d 0h 2m 54s)

---------------  T H R E A D  ---------------

Current thread (0x0000022f9cab0030):  JavaThread "C2 CompilerThread1" daemon [_thread_in_native, id=6868, stack(0x0000006345400000,0x0000006345500000)]


Current CompileTask:
C2: 174796 33798   !   4       io.github.douira.glsl_transformer.GLSLParser::finiteExpression (3801 bytes)

Stack: [0x0000006345400000,0x0000006345500000]
Native frames: (J=compiled Java code, j=interpreted, Vv=VM code, C=native code)
V  [jvm.dll+0x67bf3a]
V  [jvm.dll+0x83a024]
V  [jvm.dll+0x83b7ce]
V  [jvm.dll+0x83be33]
V  [jvm.dll+0x24785f]
V  [jvm.dll+0xac3bc]
V  [jvm.dll+0xac98c]
V  [jvm.dll+0x2af19f]
V  [jvm.dll+0x584667]
V  [jvm.dll+0x222a82]
V  [jvm.dll+0x21bc49]
V  [jvm.dll+0x21944b]
V  [jvm.dll+0x1a56b6]
V  [jvm.dll+0x2291ea]
V  [jvm.dll+0x22724c]
V  [jvm.dll+0x7efd0c]
V  [jvm.dll+0x7ea13a]
V  [jvm.dll+0x67ad85]
C  [ucrtbase.dll+0x29333]
C  [KERNEL32.DLL+0x1257d]
C  [ntdll.dll+0x5aa48]


---------------  P R O C E S S  ---------------

Threads class SMR info:
_java_thread_list=0x0000022fce386fb0, length=96, elements={
0x0000022feaa36750, 0x0000022f8af35420, 0x0000022f8af35cf0, 0x0000022f8f108490,
0x0000022f8f108d60, 0x0000022f8f109630, 0x0000022f8f109f00, 0x0000022f8f116010,
0x0000022f8f116d30, 0x0000022f8f117640, 0x0000022feaac9f30, 0x0000022f8f5544e0,
0x0000022f8f2bf020, 0x0000022f90c45ba0, 0x0000022f90c45180, 0x0000022f90c48420,
0x0000022f90c48930, 0x0000022f90c44c70, 0x0000022f90c42e10, 0x0000022f90c45690,
0x0000022f90c414c0, 0x0000022f90c41ee0, 0x0000022f90c460b0, 0x0000022f9e8f5050,
0x0000022f9e8f5a70, 0x0000022f9e8f27d0, 0x0000022f9e8f3700, 0x0000022f9e8f31f0,
0x0000022f9e8f9220, 0x0000022f9e8f4b40, 0x0000022f9e8f6eb0, 0x0000022f9e8f5560,
0x0000022f9e8f22c0, 0x0000022f9e8f9730, 0x0000022f9e8f1db0, 0x0000022f9f3d5a70,
0x0000022f9c48fab0, 0x0000022f9f3d5f80, 0x0000022f9f3d5050, 0x0000022f9cbae4b0,
0x0000022f9eb65fd0, 0x0000022f9f447290, 0x0000022f9cbae9c0, 0x0000022fce06ea80,
0x0000022fce06f4a0, 0x0000022f9f3d69a0, 0x0000022f9f3d5560, 0x0000022f9f4486d0,
0x0000022f9cb924a0, 0x0000022f9cb92ec0, 0x0000022f9cbad070, 0x0000022fa0f8e9b0,
0x0000022fa0f90300, 0x0000022fa0f8f3d0, 0x0000022f9cb91060, 0x0000022f9c48f090,
0x0000022fa0f8df90, 0x0000022f9c4909e0, 0x0000022f9eb66f00, 0x0000022fa0f8e4a0,
0x0000022f9b9df420, 0x0000022fa0b054a0, 0x0000022fa03e39b0, 0x0000022fa0b04a80,
0x0000022f9b9de4f0, 0x0000022f9e585f30, 0x0000022fa0b04060, 0x0000022fa03e2f90,
0x0000022fa0f8da80, 0x0000022f9eb65ac0, 0x0000022f9c132300, 0x0000022f9e587d90,
0x0000022f9e584af0, 0x0000022fcfb0ca20, 0x0000022f9e586e60, 0x0000022fcefa1eb0,
0x0000022f9b9e0d70, 0x0000022f9b9dea00, 0x0000022f9cb91a80, 0x0000022f90c42900,
0x0000022f9e587370, 0x0000022f9cb94300, 0x0000022f9cb929b0, 0x0000022fa0f8d060,
0x0000022fa0f8d570, 0x0000022f90c43320, 0x0000022f9c1318e0, 0x0000022fcfb0cf30,
0x0000022f9c12fa80, 0x0000022fcfb0d950, 0x0000022f9b9e0350, 0x0000022f90c43830,
0x0000022f90c474f0, 0x0000022f9cb94810, 0x0000022fa0f90810, 0x0000022f9cab0030
}

Java Threads: ( => current thread )
  0x0000022feaa36750 JavaThread "Render thread" [_thread_in_Java, id=2872, stack(0x0000006342b00000,0x0000006342c00000)]
  0x0000022f8af35420 JavaThread "Reference Handler" daemon [_thread_blocked, id=6456, stack(0x0000006343200000,0x0000006343300000)]
  0x0000022f8af35cf0 JavaThread "Finalizer" daemon [_thread_blocked, id=16788, stack(0x0000006343300000,0x0000006343400000)]
  0x0000022f8f108490 JavaThread "Signal Dispatcher" daemon [_thread_blocked, id=22200, stack(0x0000006343400000,0x0000006343500000)]
  0x0000022f8f108d60 JavaThread "Attach Listener" daemon [_thread_blocked, id=3148, stack(0x0000006343500000,0x0000006343600000)]
  0x0000022f8f109630 JavaThread "Service Thread" daemon [_thread_blocked, id=21736, stack(0x0000006343600000,0x0000006343700000)]
  0x0000022f8f109f00 JavaThread "Monitor Deflation Thread" daemon [_thread_blocked, id=17440, stack(0x0000006343700000,0x0000006343800000)]
  0x0000022f8f116010 JavaThread "C2 CompilerThread0" daemon [_thread_in_native, id=17464, stack(0x0000006343800000,0x0000006343900000)]
  0x0000022f8f116d30 JavaThread "C1 CompilerThread0" daemon [_thread_blocked, id=9108, stack(0x0000006343900000,0x0000006343a00000)]
  0x0000022f8f117640 JavaThread "Sweeper thread" daemon [_thread_blocked, id=17532, stack(0x0000006343a00000,0x0000006343b00000)]
  0x0000022feaac9f30 JavaThread "Common-Cleaner" daemon [_thread_blocked, id=21692, stack(0x0000006343b00000,0x0000006343c00000)]
  0x0000022f8f5544e0 JavaThread "Notification Thread" daemon [_thread_blocked, id=21812, stack(0x0000006343d00000,0x0000006343e00000)]
  0x0000022f8f2bf020 JavaThread "pool-2-thread-1" daemon [_thread_blocked, id=20288, stack(0x0000006344a00000,0x0000006344b00000)]
  0x0000022f90c45ba0 JavaThread "JNA Cleaner" daemon [_thread_blocked, id=7448, stack(0x0000006345100000,0x0000006345200000)]
  0x0000022f90c45180 JavaThread "Thread-2" daemon [_thread_in_native, id=17728, stack(0x0000006345600000,0x0000006345700000)]
  0x0000022f90c48420 JavaThread "Thread-3" daemon [_thread_in_native, id=21584, stack(0x0000006345700000,0x0000006345800000)]
  0x0000022f90c48930 JavaThread "Thread-4" daemon [_thread_in_native, id=16568, stack(0x0000006345800000,0x0000006345900000)]
  0x0000022f90c44c70 JavaThread "Thread-5" daemon [_thread_in_native, id=23164, stack(0x0000006345900000,0x0000006345a00000)]
  0x0000022f90c42e10 JavaThread "Thread-6" daemon [_thread_in_native, id=21892, stack(0x0000006345a00000,0x0000006345b00000)]
  0x0000022f90c45690 JavaThread "Thread-7" daemon [_thread_in_native, id=23000, stack(0x0000006345b00000,0x0000006345c00000)]
  0x0000022f90c414c0 JavaThread "Thread-8" daemon [_thread_in_native, id=12284, stack(0x0000006345c00000,0x0000006345d00000)]
  0x0000022f90c41ee0 JavaThread "Thread-9" daemon [_thread_in_native, id=21764, stack(0x0000006345d00000,0x0000006345e00000)]
  0x0000022f90c460b0 JavaThread "Thread-10" daemon [_thread_in_native, id=17404, stack(0x0000006345e00000,0x0000006345f00000)]
  0x0000022f9e8f5050 JavaThread "HttpClient-1-SelectorManager" daemon [_thread_in_native, id=22676, stack(0x0000006344c00000,0x0000006344d00000)]
  0x0000022f9e8f5a70 JavaThread "Timer hack thread" daemon [_thread_blocked, id=22720, stack(0x0000006345300000,0x0000006345400000)]
  0x0000022f9e8f27d0 JavaThread "Yggdrasil Key Fetcher" daemon [_thread_blocked, id=1908, stack(0x0000006346000000,0x0000006346100000)]
  0x0000022f9e8f3700 JavaThread "DFU cleaning thread" daemon [_thread_blocked, id=20256, stack(0x0000006345500000,0x0000006345600000)]
  0x0000022f9e8f31f0 JavaThread "modloading-worker-0" daemon [_thread_blocked, id=19268, stack(0x0000006345200000,0x0000006345300000)]
  0x0000022f9e8f9220 JavaThread "modloading-worker-0" daemon [_thread_blocked, id=21308, stack(0x0000006346400000,0x0000006346500000)]
  0x0000022f9e8f4b40 JavaThread "modloading-worker-0" daemon [_thread_blocked, id=15800, stack(0x0000006346500000,0x0000006346600000)]
  0x0000022f9e8f6eb0 JavaThread "modloading-worker-0" daemon [_thread_blocked, id=18052, stack(0x0000006346600000,0x0000006346700000)]
  0x0000022f9e8f5560 JavaThread "modloading-worker-0" daemon [_thread_blocked, id=22244, stack(0x0000006346700000,0x0000006346800000)]
  0x0000022f9e8f22c0 JavaThread "modloading-worker-0" daemon [_thread_blocked, id=4192, stack(0x0000006346800000,0x0000006346900000)]
  0x0000022f9e8f9730 JavaThread "modloading-worker-0" daemon [_thread_blocked, id=6072, stack(0x0000006346900000,0x0000006346a00000)]
  0x0000022f9e8f1db0 JavaThread "modloading-worker-0" daemon [_thread_blocked, id=21924, stack(0x0000006346a00000,0x0000006346b00000)]
  0x0000022f9f3d5a70 JavaThread "FileSystemWatchService" daemon [_thread_in_native, id=22548, stack(0x0000006346200000,0x0000006346300000)]
  0x0000022f9c48fab0 JavaThread "Config Lib config file watcher" daemon [_thread_blocked, id=2576, stack(0x0000006346b00000,0x0000006346c00000)]
  0x0000022f9f3d5f80 JavaThread "HttpClient-2-SelectorManager" daemon [_thread_in_native, id=20752, stack(0x0000006346d00000,0x0000006346e00000)]
  0x0000022f9f3d5050 JavaThread "KubeJS Background Thread" daemon [_thread_blocked, id=16896, stack(0x0000006346e00000,0x0000006346f00000)]
  0x0000022f9cbae4b0 JavaThread "ForkJoinPool.commonPool-worker-2" daemon [_thread_blocked, id=20976, stack(0x0000006347000000,0x0000006347100000)]
  0x0000022f9eb65fd0 JavaThread "FileSystemWatchService" daemon [_thread_in_native, id=6712, stack(0x0000006347200000,0x0000006347300000)]
  0x0000022f9f447290 JavaThread "pool-10-thread-1" [_thread_blocked, id=21624, stack(0x0000006347300000,0x0000006347400000)]
  0x0000022f9cbae9c0 JavaThread "pool-12-thread-1" [_thread_blocked, id=5072, stack(0x0000006347400000,0x0000006347500000)]
  0x0000022fce06ea80 JavaThread "FileSystemWatchService" daemon [_thread_in_native, id=2456, stack(0x0000006346300000,0x0000006346400000)]
  0x0000022fce06f4a0 JavaThread "Config Lib config file watcher" daemon [_thread_blocked, id=4148, stack(0x0000006347500000,0x0000006347600000)]
  0x0000022f9f3d69a0 JavaThread "FileSystemWatchService" daemon [_thread_in_native, id=22972, stack(0x0000006347800000,0x0000006347900000)]
  0x0000022f9f3d5560 JavaThread "Config Lib config file watcher" daemon [_thread_blocked, id=7772, stack(0x0000006347900000,0x0000006347a00000)]
  0x0000022f9f4486d0 JavaThread "Sound engine" daemon [_thread_blocked, id=21728, stack(0x0000006347a00000,0x0000006347b00000)]
  0x0000022f9cb924a0 JavaThread "Worker-Main-1" daemon [_thread_blocked, id=16036, stack(0x0000006347b00000,0x0000006347c00000)]
  0x0000022f9cb92ec0 JavaThread "Worker-Main-2" daemon [_thread_blocked, id=21164, stack(0x0000006347c00000,0x0000006347d00000)]
  0x0000022f9cbad070 JavaThread "Worker-ResourceReload-0" daemon [_thread_blocked, id=2344, stack(0x0000006345000000,0x0000006345100000)]
  0x0000022fa0f8e9b0 JavaThread "Worker-ResourceReload-1" daemon [_thread_blocked, id=15468, stack(0x0000006347e00000,0x0000006347f00000)]
  0x0000022fa0f90300 JavaThread "Worker-ResourceReload-2" daemon [_thread_blocked, id=20484, stack(0x0000006347f00000,0x0000006348000000)]
  0x0000022fa0f8f3d0 JavaThread "Worker-ResourceReload-3" daemon [_thread_blocked, id=5576, stack(0x0000006348000000,0x0000006348100000)]
  0x0000022f9cb91060 JavaThread "Worker-ResourceReload-4" daemon [_thread_blocked, id=18444, stack(0x0000006348100000,0x0000006348200000)]
  0x0000022f9c48f090 JavaThread "Worker-ResourceReload-5" daemon [_thread_blocked, id=18680, stack(0x0000006348200000,0x0000006348300000)]
  0x0000022fa0f8df90 JavaThread "Worker-ResourceReload-6" daemon [_thread_blocked, id=21116, stack(0x0000006348300000,0x0000006348400000)]
  0x0000022f9c4909e0 JavaThread "FileSystemWatchService" daemon [_thread_in_native, id=22420, stack(0x0000006348400000,0x0000006348500000)]
  0x0000022f9eb66f00 JavaThread "FileSystemWatchService" daemon [_thread_in_native, id=22580, stack(0x0000006348500000,0x0000006348600000)]
  0x0000022fa0f8e4a0 JavaThread "FileSystemWatchService" daemon [_thread_in_native, id=22704, stack(0x0000006348600000,0x0000006348700000)]
  0x0000022f9b9df420 JavaThread "FileSystemWatchService" daemon [_thread_in_native, id=20496, stack(0x0000006348700000,0x0000006348800000)]
  0x0000022fa0b054a0 JavaThread "FileSystemWatchService" daemon [_thread_in_native, id=20272, stack(0x0000006348900000,0x0000006348a00000)]
  0x0000022fa03e39b0 JavaThread "FileSystemWatchService" daemon [_thread_in_native, id=16944, stack(0x0000006348a00000,0x0000006348b00000)]
  0x0000022fa0b04a80 JavaThread "FileSystemWatchService" daemon [_thread_in_native, id=10876, stack(0x0000006348b00000,0x0000006348c00000)]
  0x0000022f9b9de4f0 JavaThread "FileSystemWatchService" daemon [_thread_in_native, id=4172, stack(0x0000006348c00000,0x0000006348d00000)]
  0x0000022f9e585f30 JavaThread "FileSystemWatchService" daemon [_thread_in_native, id=18012, stack(0x0000006348d00000,0x0000006348e00000)]
  0x0000022fa0b04060 JavaThread "HttpClient-3-SelectorManager" daemon [_thread_in_native, id=884, stack(0x0000006349000000,0x0000006349100000)]
  0x0000022fa03e2f90 JavaThread "HttpClient-3-Worker-0" daemon [_thread_blocked, id=5236, stack(0x0000006348e00000,0x0000006348f00000)]
  0x0000022fa0f8da80 JavaThread "HttpClient-3-Worker-1" daemon [_thread_blocked, id=15892, stack(0x0000006349100000,0x0000006349200000)]
  0x0000022f9eb65ac0 JavaThread "Thread-15" daemon [_thread_blocked, id=18364, stack(0x0000006349200000,0x0000006349300000)]
  0x0000022f9c132300 JavaThread "FileSystemWatchService" daemon [_thread_in_native, id=21296, stack(0x0000006349300000,0x0000006349400000)]
  0x0000022f9e587d90 JavaThread "Thread-16" daemon [_thread_blocked, id=18120, stack(0x0000006349400000,0x0000006349500000)]
  0x0000022f9e584af0 JavaThread "FileSystemWatchService" daemon [_thread_in_native, id=22208, stack(0x0000006349500000,0x0000006349600000)]
  0x0000022fcfb0ca20 JavaThread "Auto-Sync thread" daemon [_thread_blocked, id=18224, stack(0x0000006349600000,0x0000006349700000)]
  0x0000022f9e586e60 JavaThread "pool-13-thread-1" [_thread_blocked, id=260, stack(0x0000006349800000,0x0000006349900000)]
  0x0000022fcefa1eb0 JavaThread "pool-13-thread-2" [_thread_blocked, id=19636, stack(0x0000006349900000,0x0000006349a00000)]
  0x0000022f9b9e0d70 JavaThread "pool-13-thread-3" [_thread_blocked, id=15244, stack(0x0000006349a00000,0x0000006349b00000)]
  0x0000022f9b9dea00 JavaThread "pool-13-thread-4" [_thread_blocked, id=21820, stack(0x0000006349b00000,0x0000006349c00000)]
  0x0000022f9cb91a80 JavaThread "Thread-18" [_thread_blocked, id=18028, stack(0x0000006349c00000,0x0000006349d00000)]
  0x0000022f90c42900 JavaThread "IO-Worker-3" [_thread_blocked, id=17212, stack(0x0000006349d00000,0x0000006349e00000)]
  0x0000022f9e587370 JavaThread "Worker-Main-4" daemon [_thread_blocked, id=1504, stack(0x0000006349e00000,0x0000006349f00000)]
  0x0000022f9cb94300 JavaThread "Worker-Main-5" daemon [_thread_blocked, id=2504, stack(0x0000006349f00000,0x000000634a000000)]
  0x0000022f9cb929b0 JavaThread "Worker-Main-6" daemon [_thread_blocked, id=19848, stack(0x000000634a000000,0x000000634a100000)]
  0x0000022fa0f8d060 JavaThread "Worker-Main-7" daemon [_thread_blocked, id=20324, stack(0x000000634a100000,0x000000634a200000)]
  0x0000022fa0f8d570 JavaThread "Worker-Main-8" daemon [_thread_blocked, id=20200, stack(0x000000634a200000,0x000000634a300000)]
  0x0000022f90c43320 JavaThread "pool-13-thread-5" [_thread_blocked, id=16968, stack(0x000000634a300000,0x000000634a400000)]
  0x0000022f9c1318e0 JavaThread "pool-13-thread-6" [_thread_blocked, id=17844, stack(0x000000634a400000,0x000000634a500000)]
  0x0000022fcfb0cf30 JavaThread "pool-13-thread-7" [_thread_blocked, id=21140, stack(0x000000634a500000,0x000000634a600000)]
  0x0000022f9c12fa80 JavaThread "pool-13-thread-8" [_thread_blocked, id=22800, stack(0x000000634a600000,0x000000634a700000)]
  0x0000022fcfb0d950 JavaThread "Thread-20" daemon [_thread_blocked, id=8648, stack(0x000000634a900000,0x000000634aa00000)]
  0x0000022f9b9e0350 JavaThread "HttpClient-4-SelectorManager" daemon [_thread_in_native, id=18604, stack(0x0000006346f00000,0x0000006347000000)]
  0x0000022f90c43830 JavaThread "HttpClient-4-Worker-0" daemon [_thread_blocked, id=21716, stack(0x0000006347100000,0x0000006347200000)]
  0x0000022f90c474f0 JavaThread "HttpClient-4-Worker-1" daemon [_thread_blocked, id=20096, stack(0x000000634a700000,0x000000634a800000)]
  0x0000022f9cb94810 JavaThread "lava-daemon-pool-manager-6-thread-1" daemon [_thread_blocked, id=19396, stack(0x0000006343f00000,0x0000006344000000)]
  0x0000022fa0f90810 JavaThread "Keep-Alive-Timer" daemon [_thread_blocked, id=14024, stack(0x0000006346c00000,0x0000006346d00000)]
=>0x0000022f9cab0030 JavaThread "C2 CompilerThread1" daemon [_thread_in_native, id=6868, stack(0x0000006345400000,0x0000006345500000)]

Other Threads:
  0x0000022f8aeb4e40 VMThread "VM Thread" [stack: 0x0000006343100000,0x0000006343200000] [id=22128]
  0x0000022feaa39130 WatcherThread [stack: 0x0000006343e00000,0x0000006343f00000] [id=20736]
  0x0000022feaa7e400 GCTaskThread "GC Thread#0" [stack: 0x0000006342c00000,0x0000006342d00000] [id=7904]
  0x0000022f8fcfec80 GCTaskThread "GC Thread#1" [stack: 0x0000006344000000,0x0000006344100000] [id=20992]
  0x0000022f8ffdeb50 GCTaskThread "GC Thread#2" [stack: 0x0000006344100000,0x0000006344200000] [id=20132]
  0x0000022f90567860 GCTaskThread "GC Thread#3" [stack: 0x0000006344200000,0x0000006344300000] [id=18880]
  0x0000022f90567b20 GCTaskThread "GC Thread#4" [stack: 0x0000006344300000,0x0000006344400000] [id=18912]
  0x0000022f90567de0 GCTaskThread "GC Thread#5" [stack: 0x0000006344400000,0x0000006344500000] [id=16868]
  0x0000022f916b1810 GCTaskThread "GC Thread#6" [stack: 0x0000006344500000,0x0000006344600000] [id=12432]
  0x0000022f916b1ad0 GCTaskThread "GC Thread#7" [stack: 0x0000006344600000,0x0000006344700000] [id=3540]
  0x0000022feaa80150 ConcurrentGCThread "G1 Main Marker" [stack: 0x0000006342d00000,0x0000006342e00000] [id=8560]
  0x0000022feaa813b0 ConcurrentGCThread "G1 Conc#0" [stack: 0x0000006342e00000,0x0000006342f00000] [id=7920]
  0x0000022f916b0d10 ConcurrentGCThread "G1 Conc#1" [stack: 0x0000006344700000,0x0000006344800000] [id=3184]
  0x0000022feaab7bc0 ConcurrentGCThread "G1 Refine#0" [stack: 0x0000006342f00000,0x0000006343000000] [id=9008]
  0x0000022f916b47d0 ConcurrentGCThread "G1 Refine#1" [stack: 0x0000006344800000,0x0000006344900000] [id=5428]
  0x0000022f9cb4f200 ConcurrentGCThread "G1 Refine#2" [stack: 0x0000006347600000,0x0000006347700000] [id=6224]
  0x0000022f9cb4e350 ConcurrentGCThread "G1 Refine#3" [stack: 0x0000006347700000,0x0000006347800000] [id=20932]
  0x0000022fcefa7fe0 ConcurrentGCThread "G1 Refine#4" [stack: 0x0000006342900000,0x0000006342a00000] [id=16060]
  0x0000022fcefa6280 ConcurrentGCThread "G1 Refine#5" [stack: 0x0000006342a00000,0x0000006342b00000] [id=17660]
  0x0000022fcefa82d0 ConcurrentGCThread "G1 Refine#6" [stack: 0x0000006347d00000,0x0000006347e00000] [id=18592]
  0x0000022fcefa6860 ConcurrentGCThread "G1 Refine#7" [stack: 0x0000006348800000,0x0000006348900000] [id=3628]
  0x0000022feaab82a0 ConcurrentGCThread "G1 Service" [stack: 0x0000006343000000,0x0000006343100000] [id=20892]

Threads with active compile tasks:
C2 CompilerThread0   174919 33727       4       io.github.douira.glsl_transformer.ast.node.expression.LiteralExpression::setFloating (51 bytes)
C2 CompilerThread1   174919 33798   !   4       io.github.douira.glsl_transformer.GLSLParser::finiteExpression (3801 bytes)

VM state: not at safepoint (normal execution)

VM Mutex/Monitor currently owned by a thread: None

Heap address: 0x000000070c000000, size: 3904 MB, Compressed Oops mode: Zero based, Oop shift amount: 3

CDS archive(s) not mapped
Compressed class space mapped at: 0x0000000800000000-0x0000000840000000, reserved size: 1073741824
Narrow klass base: 0x0000000800000000, Narrow klass shift: 0, Narrow klass range: 0x40000000

GC Precious Log:
 CPUs: 8 total, 8 available
 Memory: 8070M
 Large Page Support: Disabled
 NUMA Support: Disabled
 Compressed Oops: Enabled (Zero based)
 Heap Region Size: 32M
 Heap Min Capacity: 256M
 Heap Initial Capacity: 256M
 Heap Max Capacity: 3904M
 Pre-touch: Enabled
 Parallel Workers: 8
 Concurrent Workers: 2
 Concurrent Refinement Workers: 8
 Periodic GC: Disabled

Heap:
 garbage-first heap   total 3997696K, used 2276576K [0x000000070c000000, 0x0000000800000000)
  region size 32768K, 19 young (622592K), 1 survivors (32768K)
 Metaspace       used 321919K, committed 324224K, reserved 1376256K
  class space    used 58461K, committed 59520K, reserved 1048576K

Heap Regions: E=young(eden), S=young(survivor), O=old, HS=humongous(starts), HC=humongous(continues), CS=collection set, F=free, OA=open archive, CA=closed archive, TAMS=top-at-mark-start (previous, next)
|   0|0x000000070c000000, 0x000000070e000000, 0x000000070e000000|100%| O|  |TAMS 0x000000070e000000, 0x000000070c000000| Untracked 
|   1|0x000000070e000000, 0x0000000710000000, 0x0000000710000000|100%| O|  |TAMS 0x0000000710000000, 0x000000070e000000| Untracked 
|   2|0x0000000710000000, 0x0000000712000000, 0x0000000712000000|100%| O|  |TAMS 0x0000000712000000, 0x0000000710000000| Untracked 
|   3|0x0000000712000000, 0x0000000714000000, 0x0000000714000000|100%| O|  |TAMS 0x0000000714000000, 0x0000000712000000| Untracked 
|   4|0x0000000714000000, 0x0000000716000000, 0x0000000716000000|100%| O|  |TAMS 0x0000000716000000, 0x0000000714000000| Untracked 
|   5|0x0000000716000000, 0x0000000718000000, 0x0000000718000000|100%| O|  |TAMS 0x0000000718000000, 0x0000000716000000| Untracked 
|   6|0x0000000718000000, 0x000000071a000000, 0x000000071a000000|100%| O|  |TAMS 0x000000071a000000, 0x0000000718000000| Untracked 
|   7|0x000000071a000000, 0x000000071c000000, 0x000000071c000000|100%| O|  |TAMS 0x000000071c000000, 0x000000071a000000| Untracked 
|   8|0x000000071c000000, 0x000000071e000000, 0x000000071e000000|100%| O|  |TAMS 0x000000071e000000, 0x000000071c000000| Untracked 
|   9|0x000000071e000000, 0x0000000720000000, 0x0000000720000000|100%| O|  |TAMS 0x0000000720000000, 0x000000071e000000| Untracked 
|  10|0x0000000720000000, 0x0000000722000000, 0x0000000722000000|100%| O|  |TAMS 0x0000000722000000, 0x0000000720000000| Untracked 
|  11|0x0000000722000000, 0x0000000724000000, 0x0000000724000000|100%| O|  |TAMS 0x0000000724000000, 0x0000000722000000| Untracked 
|  12|0x0000000724000000, 0x0000000726000000, 0x0000000726000000|100%| O|  |TAMS 0x0000000726000000, 0x0000000724000000| Untracked 
|  13|0x0000000726000000, 0x0000000728000000, 0x0000000728000000|100%| O|  |TAMS 0x0000000728000000, 0x0000000726000000| Untracked 
|  14|0x0000000728000000, 0x000000072a000000, 0x000000072a000000|100%| O|  |TAMS 0x000000072a000000, 0x0000000728000000| Untracked 
|  15|0x000000072a000000, 0x000000072c000000, 0x000000072c000000|100%| O|  |TAMS 0x000000072c000000, 0x000000072a000000| Untracked 
|  16|0x000000072c000000, 0x000000072e000000, 0x000000072e000000|100%| O|  |TAMS 0x000000072e000000, 0x000000072c000000| Untracked 
|  17|0x000000072e000000, 0x0000000730000000, 0x0000000730000000|100%| O|  |TAMS 0x0000000730000000, 0x000000072e000000| Untracked 
|  18|0x0000000730000000, 0x0000000732000000, 0x0000000732000000|100%| O|  |TAMS 0x0000000732000000, 0x0000000730000000| Untracked 
|  19|0x0000000732000000, 0x0000000734000000, 0x0000000734000000|100%| O|  |TAMS 0x0000000734000000, 0x0000000732000000| Untracked 
|  20|0x0000000734000000, 0x0000000736000000, 0x0000000736000000|100%| O|  |TAMS 0x0000000736000000, 0x0000000734000000| Untracked 
|  21|0x0000000736000000, 0x0000000738000000, 0x0000000738000000|100%| O|  |TAMS 0x0000000738000000, 0x0000000736000000| Untracked 
|  22|0x0000000738000000, 0x000000073a000000, 0x000000073a000000|100%| O|  |TAMS 0x000000073a000000, 0x0000000738000000| Untracked 
|  23|0x000000073a000000, 0x000000073c000000, 0x000000073c000000|100%| O|  |TAMS 0x000000073c000000, 0x000000073a000000| Untracked 
|  24|0x000000073c000000, 0x000000073e000000, 0x000000073e000000|100%| O|  |TAMS 0x000000073e000000, 0x000000073c000000| Untracked 
|  25|0x000000073e000000, 0x0000000740000000, 0x0000000740000000|100%| O|  |TAMS 0x0000000740000000, 0x000000073e000000| Complete 
|  26|0x0000000740000000, 0x0000000742000000, 0x0000000742000000|100%| O|  |TAMS 0x0000000742000000, 0x0000000740000000| Complete 
|  27|0x0000000742000000, 0x0000000744000000, 0x0000000744000000|100%| O|  |TAMS 0x0000000744000000, 0x0000000742000000| Untracked 
|  28|0x0000000744000000, 0x0000000746000000, 0x0000000746000000|100%| O|  |TAMS 0x0000000746000000, 0x0000000744000000| Untracked 
|  29|0x0000000746000000, 0x0000000748000000, 0x0000000748000000|100%| O|  |TAMS 0x0000000748000000, 0x0000000746000000| Untracked 
|  30|0x0000000748000000, 0x000000074a000000, 0x000000074a000000|100%| O|  |TAMS 0x000000074a000000, 0x0000000748000000| Complete 
|  31|0x000000074a000000, 0x000000074c000000, 0x000000074c000000|100%| O|  |TAMS 0x000000074c000000, 0x000000074a000000| Untracked 
|  32|0x000000074c000000, 0x000000074e000000, 0x000000074e000000|100%| O|  |TAMS 0x000000074e000000, 0x000000074c000000| Untracked 
|  33|0x000000074e000000, 0x0000000750000000, 0x0000000750000000|100%| O|  |TAMS 0x0000000750000000, 0x000000074e000000| Untracked 
|  34|0x0000000750000000, 0x0000000752000000, 0x0000000752000000|100%| O|  |TAMS 0x0000000752000000, 0x0000000750000000| Untracked 
|  35|0x0000000752000000, 0x0000000754000000, 0x0000000754000000|100%| O|  |TAMS 0x0000000754000000, 0x0000000752000000| Untracked 
|  36|0x0000000754000000, 0x0000000756000000, 0x0000000756000000|100%| O|  |TAMS 0x0000000756000000, 0x0000000754000000| Untracked 
|  37|0x0000000756000000, 0x0000000758000000, 0x0000000758000000|100%| O|  |TAMS 0x0000000758000000, 0x0000000756000000| Untracked 
|  38|0x0000000758000000, 0x000000075a000000, 0x000000075a000000|100%| O|  |TAMS 0x000000075a000000, 0x0000000758000000| Untracked 
|  39|0x000000075a000000, 0x000000075c000000, 0x000000075c000000|100%| O|  |TAMS 0x000000075c000000, 0x000000075a000000| Untracked 
|  40|0x000000075c000000, 0x000000075e000000, 0x000000075e000000|100%| O|  |TAMS 0x000000075e000000, 0x000000075c000000| Untracked 
|  41|0x000000075e000000, 0x0000000760000000, 0x0000000760000000|100%| O|  |TAMS 0x0000000760000000, 0x000000075e000000| Untracked 
|  42|0x0000000760000000, 0x0000000762000000, 0x0000000762000000|100%| O|  |TAMS 0x0000000762000000, 0x0000000760000000| Untracked 
|  43|0x0000000762000000, 0x0000000764000000, 0x0000000764000000|100%| O|  |TAMS 0x0000000764000000, 0x0000000762000000| Complete 
|  44|0x0000000764000000, 0x0000000766000000, 0x0000000766000000|100%| O|  |TAMS 0x0000000766000000, 0x0000000764000000| Untracked 
|  45|0x0000000766000000, 0x0000000768000000, 0x0000000768000000|100%| O|  |TAMS 0x0000000768000000, 0x0000000766000000| Untracked 
|  46|0x0000000768000000, 0x000000076a000000, 0x000000076a000000|100%| O|  |TAMS 0x000000076a000000, 0x0000000768000000| Untracked 
|  47|0x000000076a000000, 0x000000076c000000, 0x000000076c000000|100%| O|  |TAMS 0x000000076c000000, 0x000000076a000000| Complete 
|  48|0x000000076c000000, 0x000000076e000000, 0x000000076e000000|100%| O|  |TAMS 0x000000076e000000, 0x000000076c000000| Untracked 
|  49|0x000000076e000000, 0x0000000770000000, 0x0000000770000000|100%| O|  |TAMS 0x0000000770000000, 0x000000076e000000| Complete 
|  50|0x0000000770000000, 0x0000000772000000, 0x0000000772000000|100%| O|  |TAMS 0x0000000772000000, 0x0000000770000000| Untracked 
|  51|0x0000000772000000, 0x0000000772f38000, 0x0000000774000000| 47%| O|  |TAMS 0x0000000772177e00, 0x0000000772000000| Untracked 
|  52|0x0000000774000000, 0x0000000774000000, 0x0000000776000000|  0%| F|  |TAMS 0x0000000774000000, 0x0000000774000000| Untracked 
|  53|0x0000000776000000, 0x0000000776000000, 0x0000000778000000|  0%| F|  |TAMS 0x0000000776000000, 0x0000000776000000| Untracked 
|  54|0x0000000778000000, 0x0000000778000000, 0x000000077a000000|  0%| F|  |TAMS 0x0000000778000000, 0x0000000778000000| Untracked 
|  55|0x000000077a000000, 0x000000077a000000, 0x000000077c000000|  0%| F|  |TAMS 0x000000077a000000, 0x000000077a000000| Untracked 
|  56|0x000000077c000000, 0x000000077c000000, 0x000000077e000000|  0%| F|  |TAMS 0x000000077c000000, 0x000000077c000000| Untracked 
|  57|0x000000077e000000, 0x000000077e000000, 0x0000000780000000|  0%| F|  |TAMS 0x000000077e000000, 0x000000077e000000| Untracked 
|  58|0x0000000780000000, 0x0000000780000000, 0x0000000782000000|  0%| F|  |TAMS 0x0000000780000000, 0x0000000780000000| Untracked 
|  59|0x0000000782000000, 0x0000000782000000, 0x0000000784000000|  0%| F|  |TAMS 0x0000000782000000, 0x0000000782000000| Untracked 
|  60|0x0000000784000000, 0x0000000784000000, 0x0000000786000000|  0%| F|  |TAMS 0x0000000784000000, 0x0000000784000000| Untracked 
|  61|0x0000000786000000, 0x0000000786000000, 0x0000000788000000|  0%| F|  |TAMS 0x0000000786000000, 0x0000000786000000| Untracked 
|  62|0x0000000788000000, 0x0000000788000000, 0x000000078a000000|  0%| F|  |TAMS 0x0000000788000000, 0x0000000788000000| Untracked 
|  63|0x000000078a000000, 0x000000078a000000, 0x000000078c000000|  0%| F|  |TAMS 0x000000078a000000, 0x000000078a000000| Untracked 
|  64|0x000000078c000000, 0x000000078c000000, 0x000000078e000000|  0%| F|  |TAMS 0x000000078c000000, 0x000000078c000000| Untracked 
|  65|0x000000078e000000, 0x000000078e000000, 0x0000000790000000|  0%| F|  |TAMS 0x000000078e000000, 0x000000078e000000| Untracked 
|  66|0x0000000790000000, 0x0000000790000000, 0x0000000792000000|  0%| F|  |TAMS 0x0000000790000000, 0x0000000790000000| Untracked 
|  67|0x0000000792000000, 0x0000000792000000, 0x0000000794000000|  0%| F|  |TAMS 0x0000000792000000, 0x0000000792000000| Untracked 
|  68|0x0000000794000000, 0x0000000794000000, 0x0000000796000000|  0%| F|  |TAMS 0x0000000794000000, 0x0000000794000000| Untracked 
|  69|0x0000000796000000, 0x0000000796000000, 0x0000000798000000|  0%| F|  |TAMS 0x0000000796000000, 0x0000000796000000| Untracked 
|  70|0x0000000798000000, 0x0000000798000000, 0x000000079a000000|  0%| F|  |TAMS 0x0000000798000000, 0x0000000798000000| Untracked 
|  71|0x000000079a000000, 0x000000079a000000, 0x000000079c000000|  0%| F|  |TAMS 0x000000079a000000, 0x000000079a000000| Untracked 
|  72|0x000000079c000000, 0x000000079c000000, 0x000000079e000000|  0%| F|  |TAMS 0x000000079c000000, 0x000000079c000000| Untracked 
|  73|0x000000079e000000, 0x000000079e000000, 0x00000007a0000000|  0%| F|  |TAMS 0x000000079e000000, 0x000000079e000000| Untracked 
|  74|0x00000007a0000000, 0x00000007a0000000, 0x00000007a2000000|  0%| F|  |TAMS 0x00000007a0000000, 0x00000007a0000000| Untracked 
|  75|0x00000007a2000000, 0x00000007a2000000, 0x00000007a4000000|  0%| F|  |TAMS 0x00000007a2000000, 0x00000007a2000000| Untracked 
|  76|0x00000007a4000000, 0x00000007a4000000, 0x00000007a6000000|  0%| F|  |TAMS 0x00000007a4000000, 0x00000007a4000000| Untracked 
|  77|0x00000007a6000000, 0x00000007a6000000, 0x00000007a8000000|  0%| F|  |TAMS 0x00000007a6000000, 0x00000007a6000000| Untracked 
|  78|0x00000007a8000000, 0x00000007a8000000, 0x00000007aa000000|  0%| F|  |TAMS 0x00000007a8000000, 0x00000007a8000000| Untracked 
|  79|0x00000007aa000000, 0x00000007aa000000, 0x00000007ac000000|  0%| F|  |TAMS 0x00000007aa000000, 0x00000007aa000000| Untracked 
|  80|0x00000007ac000000, 0x00000007ac000000, 0x00000007ae000000|  0%| F|  |TAMS 0x00000007ac000000, 0x00000007ac000000| Untracked 
|  81|0x00000007ae000000, 0x00000007ae000000, 0x00000007b0000000|  0%| F|  |TAMS 0x00000007ae000000, 0x00000007ae000000| Untracked 
|  82|0x00000007b0000000, 0x00000007b0000000, 0x00000007b2000000|  0%| F|  |TAMS 0x00000007b0000000, 0x00000007b0000000| Untracked 
|  83|0x00000007b2000000, 0x00000007b2000000, 0x00000007b4000000|  0%| F|  |TAMS 0x00000007b2000000, 0x00000007b2000000| Untracked 
|  84|0x00000007b4000000, 0x00000007b4000000, 0x00000007b6000000|  0%| F|  |TAMS 0x00000007b4000000, 0x00000007b4000000| Untracked 
|  85|0x00000007b6000000, 0x00000007b6000000, 0x00000007b8000000|  0%| F|  |TAMS 0x00000007b6000000, 0x00000007b6000000| Untracked 
|  86|0x00000007b8000000, 0x00000007b8000000, 0x00000007ba000000|  0%| F|  |TAMS 0x00000007b8000000, 0x00000007b8000000| Untracked 
|  87|0x00000007ba000000, 0x00000007ba000000, 0x00000007bc000000|  0%| F|  |TAMS 0x00000007ba000000, 0x00000007ba000000| Untracked 
|  88|0x00000007bc000000, 0x00000007bc000000, 0x00000007be000000|  0%| F|  |TAMS 0x00000007bc000000, 0x00000007bc000000| Untracked 
|  89|0x00000007be000000, 0x00000007be000000, 0x00000007c0000000|  0%| F|  |TAMS 0x00000007be000000, 0x00000007be000000| Untracked 
|  90|0x00000007c0000000, 0x00000007c0000000, 0x00000007c2000000|  0%| F|  |TAMS 0x00000007c0000000, 0x00000007c0000000| Untracked 
|  91|0x00000007c2000000, 0x00000007c2000000, 0x00000007c4000000|  0%| F|  |TAMS 0x00000007c2000000, 0x00000007c2000000| Untracked 
|  92|0x00000007c4000000, 0x00000007c4000000, 0x00000007c6000000|  0%| F|  |TAMS 0x00000007c4000000, 0x00000007c4000000| Untracked 
|  93|0x00000007c6000000, 0x00000007c6000000, 0x00000007c8000000|  0%| F|  |TAMS 0x00000007c6000000, 0x00000007c6000000| Untracked 
|  94|0x00000007c8000000, 0x00000007c8000000, 0x00000007ca000000|  0%| F|  |TAMS 0x00000007c8000000, 0x00000007c8000000| Untracked 
|  95|0x00000007ca000000, 0x00000007ca000000, 0x00000007cc000000|  0%| F|  |TAMS 0x00000007ca000000, 0x00000007ca000000| Untracked 
|  96|0x00000007cc000000, 0x00000007cc000000, 0x00000007ce000000|  0%| F|  |TAMS 0x00000007cc000000, 0x00000007cc000000| Untracked 
|  97|0x00000007ce000000, 0x00000007ce000000, 0x00000007d0000000|  0%| F|  |TAMS 0x00000007ce000000, 0x00000007ce000000| Untracked 
|  98|0x00000007d0000000, 0x00000007d0000000, 0x00000007d2000000|  0%| F|  |TAMS 0x00000007d0000000, 0x00000007d0000000| Untracked 
|  99|0x00000007d2000000, 0x00000007d2000000, 0x00000007d4000000|  0%| F|  |TAMS 0x00000007d2000000, 0x00000007d2000000| Untracked 
| 100|0x00000007d4000000, 0x00000007d4000000, 0x00000007d6000000|  0%| F|  |TAMS 0x00000007d4000000, 0x00000007d4000000| Untracked 
| 101|0x00000007d6000000, 0x00000007d6000000, 0x00000007d8000000|  0%| F|  |TAMS 0x00000007d6000000, 0x00000007d6000000| Untracked 
| 102|0x00000007d8000000, 0x00000007d8000000, 0x00000007da000000|  0%| F|  |TAMS 0x00000007d8000000, 0x00000007d8000000| Untracked 
| 103|0x00000007da000000, 0x00000007db0031b0, 0x00000007dc000000| 50%| E|  |TAMS 0x00000007da000000, 0x00000007da000000| Complete 
| 104|0x00000007dc000000, 0x00000007de000000, 0x00000007de000000|100%| E|CS|TAMS 0x00000007dc000000, 0x00000007dc000000| Complete 
| 105|0x00000007de000000, 0x00000007e0000000, 0x00000007e0000000|100%| E|CS|TAMS 0x00000007de000000, 0x00000007de000000| Complete 
| 106|0x00000007e0000000, 0x00000007e2000000, 0x00000007e2000000|100%| E|CS|TAMS 0x00000007e0000000, 0x00000007e0000000| Complete 
| 107|0x00000007e2000000, 0x00000007e4000000, 0x00000007e4000000|100%| E|CS|TAMS 0x00000007e2000000, 0x00000007e2000000| Complete 
| 108|0x00000007e4000000, 0x00000007e6000000, 0x00000007e6000000|100%| E|CS|TAMS 0x00000007e4000000, 0x00000007e4000000| Complete 
| 109|0x00000007e6000000, 0x00000007e8000000, 0x00000007e8000000|100%| E|CS|TAMS 0x00000007e6000000, 0x00000007e6000000| Complete 
| 110|0x00000007e8000000, 0x00000007ea000000, 0x00000007ea000000|100%| E|CS|TAMS 0x00000007e8000000, 0x00000007e8000000| Complete 
| 111|0x00000007ea000000, 0x00000007ec000000, 0x00000007ec000000|100%| E|CS|TAMS 0x00000007ea000000, 0x00000007ea000000| Complete 
| 112|0x00000007ec000000, 0x00000007ee000000, 0x00000007ee000000|100%| E|CS|TAMS 0x00000007ec000000, 0x00000007ec000000| Complete 
| 113|0x00000007ee000000, 0x00000007f0000000, 0x00000007f0000000|100%| E|CS|TAMS 0x00000007ee000000, 0x00000007ee000000| Complete 
| 114|0x00000007f0000000, 0x00000007f2000000, 0x00000007f2000000|100%| E|CS|TAMS 0x00000007f0000000, 0x00000007f0000000| Complete 
| 115|0x00000007f2000000, 0x00000007f4000000, 0x00000007f4000000|100%| E|CS|TAMS 0x00000007f2000000, 0x00000007f2000000| Complete 
| 116|0x00000007f4000000, 0x00000007f6000000, 0x00000007f6000000|100%| E|CS|TAMS 0x00000007f4000000, 0x00000007f4000000| Complete 
| 117|0x00000007f6000000, 0x00000007f8000000, 0x00000007f8000000|100%| E|CS|TAMS 0x00000007f6000000, 0x00000007f6000000| Complete 
| 118|0x00000007f8000000, 0x00000007fa000000, 0x00000007fa000000|100%| E|CS|TAMS 0x00000007f8000000, 0x00000007f8000000| Complete 
| 119|0x00000007fa000000, 0x00000007fc000000, 0x00000007fc000000|100%| S|CS|TAMS 0x00000007fa000000, 0x00000007fa000000| Complete 
| 120|0x00000007fc000000, 0x00000007fe000000, 0x00000007fe000000|100%| E|CS|TAMS 0x00000007fc000000, 0x00000007fc000000| Complete 
| 121|0x00000007fe000000, 0x0000000800000000, 0x0000000800000000|100%| E|CS|TAMS 0x00000007fe000000, 0x00000007fe000000| Complete 

Card table byte_map: [0x0000022f80000000,0x0000022f807a0000] _byte_map_base: 0x0000022f7c7a0000

Marking Bits (Prev, Next): (CMBitMap*) 0x0000022feaa7e6d0, (CMBitMap*) 0x0000022feaa7e710
 Prev Bits: [0x0000022f80f40000, 0x0000022f84c40000)
 Next Bits: [0x0000022f84c40000, 0x0000022f88940000)

Polling page: 0x0000022feaad0000

Metaspace:

Usage:
  Non-class:    257.28 MB used.
      Class:     57.09 MB used.
       Both:    314.37 MB used.

Virtual space:
  Non-class space:      320.00 MB reserved,     258.50 MB ( 81%) committed,  5 nodes.
      Class space:        1.00 GB reserved,      58.12 MB (  6%) committed,  1 nodes.
             Both:        1.31 GB reserved,     316.62 MB ( 24%) committed. 

Chunk freelists:
   Non-Class:  12.94 MB
       Class:  5.91 MB
        Both:  18.84 MB

MaxMetaspaceSize: unlimited
CompressedClassSpaceSize: 1.00 GB
Initial GC threshold: 21.00 MB
Current GC threshold: 512.75 MB
CDS: off
MetaspaceReclaimPolicy: balanced
 - commit_granule_bytes: 65536.
 - commit_granule_words: 8192.
 - virtual_space_node_default_size: 8388608.
 - enlarge_chunks_in_place: 1.
 - new_chunks_are_fully_committed: 0.
 - uncommit_free_chunks: 1.
 - use_allocation_guard: 0.
 - handle_deallocations: 1.


Internal statistics:

num_allocs_failed_limit: 100.
num_arena_births: 3786.
num_arena_deaths: 38.
num_vsnodes_births: 6.
num_vsnodes_deaths: 0.
num_space_committed: 5055.
num_space_uncommitted: 0.
num_chunks_returned_to_freelist: 158.
num_chunks_taken_from_freelist: 17053.
num_chunk_merges: 98.
num_chunk_splits: 11762.
num_chunks_enlarged: 8424.
num_inconsistent_stats: 0.

CodeHeap 'non-profiled nmethods': size=120000Kb used=22138Kb max_used=22138Kb free=97861Kb
 bounds [0x0000022ff7460000, 0x0000022ff8a00000, 0x0000022ffe990000]
CodeHeap 'profiled nmethods': size=120000Kb used=39892Kb max_used=39892Kb free=80108Kb
 bounds [0x0000022fef990000, 0x0000022ff2090000, 0x0000022ff6ec0000]
CodeHeap 'non-nmethods': size=5760Kb used=2908Kb max_used=2981Kb free=2851Kb
 bounds [0x0000022ff6ec0000, 0x0000022ff71b0000, 0x0000022ff7460000]
 total_blobs=26008 nmethods=23318 adapters=2599
 compilation: enabled
              stopped_count=0, restarted_count=0
 full_count=0

Compilation events (20 events):
Event: 174.716 Thread 0x0000022f8f116010 nmethod 33796 0x0000022ff89ef310 code [0x0000022ff89ef4a0, 0x0000022ff89ef5c8]
Event: 174.716 Thread 0x0000022f8f116010 33800       4       oculus.org.antlr.v4.runtime.misc.IntegerList::removeAt (53 bytes)
Event: 174.719 Thread 0x0000022f8f116010 nmethod 33800 0x0000022ff89ef710 code [0x0000022ff89ef8a0, 0x0000022ff89efab8]
Event: 174.719 Thread 0x0000022f8f116010 33799       4       oculus.org.antlr.v4.runtime.Parser::enterRecursionRule (48 bytes)
Event: 174.724 Thread 0x0000022f8f116010 nmethod 33799 0x0000022ff89efc90 code [0x0000022ff89efe40, 0x0000022ff89f0238]
Event: 174.724 Thread 0x0000022f8f116010 33801       4       oculus.org.antlr.v4.runtime.Parser::unrollRecursionContexts (94 bytes)
Event: 174.725 Thread 0x0000022f8f116d30 33846       2       org.lwjgl.PointerBuffer::put (11 bytes)
Event: 174.726 Thread 0x0000022f8f116d30 nmethod 33846 0x0000022ff207d210 code [0x0000022ff207d3a0, 0x0000022ff207d508]
Event: 174.726 Thread 0x0000022f8f116d30 33847       2       org.lwjgl.PointerBuffer::put (23 bytes)
Event: 174.726 Thread 0x0000022f8f116d30 nmethod 33847 0x0000022ff207d610 code [0x0000022ff207d7c0, 0x0000022ff207d9f8]
Event: 174.731 Thread 0x0000022f8f116010 nmethod 33801 0x0000022ff89f0c90 code [0x0000022ff89f0e40, 0x0000022ff89f1498]
Event: 174.731 Thread 0x0000022f8f116010 33760       4       io.github.douira.glsl_transformer.ast.node.expression.binary.BinaryExpression::enterNode (13 bytes)
Event: 174.734 Thread 0x0000022f8f116010 nmethod 33760 0x0000022ff89f1810 code [0x0000022ff89f19c0, 0x0000022ff89f1ca8]
Event: 174.734 Thread 0x0000022f8f116010 33742       4       io.github.douira.glsl_transformer.ast.print.ASTPrinter::visitLiteralExpression (6 bytes)
Event: 174.735 Thread 0x0000022f8f116010 nmethod 33742 0x0000022ff89f2090 code [0x0000022ff89f2220, 0x0000022ff89f22c8]
Event: 174.735 Thread 0x0000022f8f116010 33743       4       io.github.douira.glsl_transformer.ast.node.expression.LiteralExpression::exitNode (13 bytes)
Event: 174.737 Thread 0x0000022f8f116010 nmethod 33743 0x0000022ff89f2390 code [0x0000022ff89f2520, 0x0000022ff89f26b8]
Event: 174.737 Thread 0x0000022f8f116010 33744       4       io.github.douira.glsl_transformer.ast.node.expression.LiteralExpression::enterNode (13 bytes)
Event: 174.740 Thread 0x0000022f8f116010 nmethod 33744 0x0000022ff89f2890 code [0x0000022ff89f2a40, 0x0000022ff89f2ce8]
Event: 174.740 Thread 0x0000022f8f116010 33746       4       io.github.douira.glsl_transformer.ast.print.ASTPrinter::visitLiteralExpression (472 bytes)

GC Heap History (20 events):
Event: 134.541 GC heap before
{Heap before GC invocations=141 (full 0):
 garbage-first heap   total 2654208K, used 1857441K [0x000000070c000000, 0x0000000800000000)
  region size 32768K, 24 young (786432K), 1 survivors (32768K)
 Metaspace       used 305498K, committed 307712K, reserved 1310720K
  class space    used 55869K, committed 56832K, reserved 1048576K
}
Event: 134.545 GC heap after
{Heap after GC invocations=142 (full 0):
 garbage-first heap   total 2654208K, used 1104872K [0x000000070c000000, 0x0000000800000000)
  region size 32768K, 1 young (32768K), 1 survivors (32768K)
 Metaspace       used 305498K, committed 307712K, reserved 1310720K
  class space    used 55869K, committed 56832K, reserved 1048576K
}
Event: 135.301 GC heap before
{Heap before GC invocations=142 (full 0):
 garbage-first heap   total 2654208K, used 1858536K [0x000000070c000000, 0x0000000800000000)
  region size 32768K, 24 young (786432K), 1 survivors (32768K)
 Metaspace       used 305569K, committed 307776K, reserved 1310720K
  class space    used 55869K, committed 56832K, reserved 1048576K
}
Event: 135.305 GC heap after
{Heap after GC invocations=143 (full 0):
 garbage-first heap   total 2654208K, used 1105118K [0x000000070c000000, 0x0000000800000000)
  region size 32768K, 1 young (32768K), 1 survivors (32768K)
 Metaspace       used 305569K, committed 307776K, reserved 1310720K
  class space    used 55869K, committed 56832K, reserved 1048576K
}
Event: 139.789 GC heap before
{Heap before GC invocations=143 (full 0):
 garbage-first heap   total 2654208K, used 1858782K [0x000000070c000000, 0x0000000800000000)
  region size 32768K, 24 young (786432K), 1 survivors (32768K)
 Metaspace       used 307039K, committed 309248K, reserved 1310720K
  class space    used 56029K, committed 57024K, reserved 1048576K
}
Event: 139.990 GC heap after
{Heap after GC invocations=144 (full 0):
 garbage-first heap   total 2654208K, used 1206184K [0x000000070c000000, 0x0000000800000000)
  region size 32768K, 1 young (32768K), 1 survivors (32768K)
 Metaspace       used 307039K, committed 309248K, reserved 1310720K
  class space    used 56029K, committed 57024K, reserved 1048576K
}
Event: 143.271 GC heap before
{Heap before GC invocations=144 (full 0):
 garbage-first heap   total 2654208K, used 1959848K [0x000000070c000000, 0x0000000800000000)
  region size 32768K, 24 young (786432K), 1 survivors (32768K)
 Metaspace       used 307241K, committed 309440K, reserved 1310720K
  class space    used 56038K, committed 57024K, reserved 1048576K
}
Event: 143.474 GC heap after
{Heap after GC invocations=145 (full 0):
 garbage-first heap   total 2654208K, used 1329489K [0x000000070c000000, 0x0000000800000000)
  region size 32768K, 1 young (32768K), 1 survivors (32768K)
 Metaspace       used 307241K, committed 309440K, reserved 1310720K
  class space    used 56038K, committed 57024K, reserved 1048576K
}
Event: 145.473 GC heap before
{Heap before GC invocations=145 (full 0):
 garbage-first heap   total 2654208K, used 2083153K [0x000000070c000000, 0x0000000800000000)
  region size 32768K, 24 young (786432K), 1 survivors (32768K)
 Metaspace       used 307421K, committed 309568K, reserved 1310720K
  class space    used 56056K, committed 57024K, reserved 1048576K
}
Event: 145.693 GC heap after
{Heap after GC invocations=146 (full 0):
 garbage-first heap   total 2654208K, used 1466779K [0x000000070c000000, 0x0000000800000000)
  region size 32768K, 1 young (32768K), 1 survivors (32768K)
 Metaspace       used 307421K, committed 309568K, reserved 1310720K
  class space    used 56056K, committed 57024K, reserved 1048576K
}
Event: 147.725 GC heap before
{Heap before GC invocations=146 (full 0):
 garbage-first heap   total 2654208K, used 2220443K [0x000000070c000000, 0x0000000800000000)
  region size 32768K, 24 young (786432K), 1 survivors (32768K)
 Metaspace       used 307443K, committed 309696K, reserved 1310720K
  class space    used 56059K, committed 57024K, reserved 1048576K
}
Event: 147.900 GC heap after
{Heap after GC invocations=147 (full 0):
 garbage-first heap   total 2654208K, used 1614517K [0x000000070c000000, 0x0000000800000000)
  region size 32768K, 1 young (32768K), 1 survivors (32768K)
 Metaspace       used 307443K, committed 309696K, reserved 1310720K
  class space    used 56059K, committed 57024K, reserved 1048576K
}
Event: 152.453 GC heap before
{Heap before GC invocations=147 (full 0):
 garbage-first heap   total 2654208K, used 2368181K [0x000000070c000000, 0x0000000800000000)
  region size 32768K, 24 young (786432K), 1 survivors (32768K)
 Metaspace       used 312007K, committed 314304K, reserved 1310720K
  class space    used 56865K, committed 57920K, reserved 1048576K
}
Event: 152.606 GC heap after
{Heap after GC invocations=148 (full 0):
 garbage-first heap   total 2654208K, used 1666765K [0x000000070c000000, 0x0000000800000000)
  region size 32768K, 1 young (32768K), 1 survivors (32768K)
 Metaspace       used 312007K, committed 314304K, reserved 1310720K
  class space    used 56865K, committed 57920K, reserved 1048576K
}
Event: 153.772 GC heap before
{Heap before GC invocations=148 (full 0):
 garbage-first heap   total 2654208K, used 2420429K [0x000000070c000000, 0x0000000800000000)
  region size 32768K, 24 young (786432K), 1 survivors (32768K)
 Metaspace       used 312007K, committed 314304K, reserved 1310720K
  class space    used 56865K, committed 57920K, reserved 1048576K
}
Event: 153.828 GC heap after
{Heap after GC invocations=149 (full 0):
 garbage-first heap   total 2654208K, used 1677810K [0x000000070c000000, 0x0000000800000000)
  region size 32768K, 1 young (32768K), 1 survivors (32768K)
 Metaspace       used 312007K, committed 314304K, reserved 1310720K
  class space    used 56865K, committed 57920K, reserved 1048576K
}
Event: 154.589 GC heap before
{Heap before GC invocations=149 (full 0):
 garbage-first heap   total 2654208K, used 2431474K [0x000000070c000000, 0x0000000800000000)
  region size 32768K, 24 young (786432K), 1 survivors (32768K)
 Metaspace       used 312007K, committed 314304K, reserved 1310720K
  class space    used 56865K, committed 57920K, reserved 1048576K
}
Event: 154.616 GC heap after
{Heap after GC invocations=150 (full 0):
 garbage-first heap   total 2654208K, used 1677943K [0x000000070c000000, 0x0000000800000000)
  region size 32768K, 1 young (32768K), 1 survivors (32768K)
 Metaspace       used 312007K, committed 314304K, reserved 1310720K
  class space    used 56865K, committed 57920K, reserved 1048576K
}
Event: 167.719 GC heap before
{Heap before GC invocations=151 (full 0):
 garbage-first heap   total 3997696K, used 2431607K [0x000000070c000000, 0x0000000800000000)
  region size 32768K, 24 young (786432K), 1 survivors (32768K)
 Metaspace       used 314038K, committed 316288K, reserved 1310720K
  class space    used 57176K, committed 58176K, reserved 1048576K
}
Event: 167.850 GC heap after
{Heap after GC invocations=152 (full 0):
 garbage-first heap   total 3997696K, used 1719520K [0x000000070c000000, 0x0000000800000000)
  region size 32768K, 1 young (32768K), 1 survivors (32768K)
 Metaspace       used 314038K, committed 316288K, reserved 1310720K
  class space    used 57176K, committed 58176K, reserved 1048576K
}

Dll operation events (15 events):
Event: 0.009 Loaded shared library D:\Cursey Forgy\Install\runtime\java-runtime-gamma\windows-x64\java-runtime-gamma\bin\java.dll
Event: 0.161 Loaded shared library D:\Cursey Forgy\Install\runtime\java-runtime-gamma\windows-x64\java-runtime-gamma\bin\jsvml.dll
Event: 0.295 Loaded shared library D:\Cursey Forgy\Install\runtime\java-runtime-gamma\windows-x64\java-runtime-gamma\bin\net.dll
Event: 0.297 Loaded shared library D:\Cursey Forgy\Install\runtime\java-runtime-gamma\windows-x64\java-runtime-gamma\bin\nio.dll
Event: 0.304 Loaded shared library D:\Cursey Forgy\Install\runtime\java-runtime-gamma\windows-x64\java-runtime-gamma\bin\zip.dll
Event: 0.408 Loaded shared library D:\Cursey Forgy\Install\runtime\java-runtime-gamma\windows-x64\java-runtime-gamma\bin\jimage.dll
Event: 0.702 Loaded shared library D:\Cursey Forgy\Install\runtime\java-runtime-gamma\windows-x64\java-runtime-gamma\bin\verify.dll
Event: 3.469 Loaded shared library D:\Cursey Forgy\Install\runtime\java-runtime-gamma\windows-x64\java-runtime-gamma\bin\management.dll
Event: 3.473 Loaded shared library D:\Cursey Forgy\Install\runtime\java-runtime-gamma\windows-x64\java-runtime-gamma\bin\management_ext.dll
Event: 9.567 Loaded shared library D:\Cursey Forgy\Install\bin\cf2d1989014a70c9e2a96fd886f0adbe1222e2d3\lwjgl.dll
Event: 10.188 Loaded shared library D:\Cursey Forgy\Install\bin\cf2d1989014a70c9e2a96fd886f0adbe1222e2d3\lwjgl_stb.dll
Event: 10.296 Loaded shared library D:\Cursey Forgy\Install\bin\cf2d1989014a70c9e2a96fd886f0adbe1222e2d3\lwjgl_opengl.dll
Event: 31.312 Loaded shared library D:\Cursey Forgy\Install\bin\cf2d1989014a70c9e2a96fd886f0adbe1222e2d3\jna7416511301076516614.dll
Event: 45.713 Loaded shared library D:\Cursey Forgy\Install\runtime\java-runtime-gamma\windows-x64\java-runtime-gamma\bin\sunmscapi.dll
Event: 75.295 Loaded shared library D:\Cursey Forgy\Install\runtime\java-runtime-gamma\windows-x64\java-runtime-gamma\bin\awt.dll

Deoptimization events (20 events):
Event: 172.917 Thread 0x0000022feaa36750 Uncommon trap: trap_request=0xffffffd6 fr.pc=0x0000022ff899ae10 relative=0x0000000000006250
Event: 172.917 Thread 0x0000022feaa36750 Uncommon trap: reason=array_check action=maybe_recompile pc=0x0000022ff899ae10 method=oculus.org.antlr.v4.runtime.misc.Array2DHashSet.getOrAddImpl(Ljava/lang/Object;)Ljava/lang/Object; @ 36 c2
Event: 172.917 Thread 0x0000022feaa36750 DEOPT PACKING pc=0x0000022ff899ae10 sp=0x0000006342bfb220
Event: 172.917 Thread 0x0000022feaa36750 DEOPT UNPACKING pc=0x0000022ff6f169a3 sp=0x0000006342bfaf60 mode 2
Event: 173.899 Thread 0x0000022feaa36750 Uncommon trap: trap_request=0xffffffde fr.pc=0x0000022ff89b2e5c relative=0x000000000000005c
Event: 173.899 Thread 0x0000022feaa36750 Uncommon trap: reason=class_check action=maybe_recompile pc=0x0000022ff89b2e5c method=io.github.douira.glsl_transformer.ast.traversal.ASTVisitor.visitStatement(Lio/github/douira/glsl_transformer/ast/node/statement/Statement;)Ljava/lang/Object; @ 1 c2
Event: 173.899 Thread 0x0000022feaa36750 DEOPT PACKING pc=0x0000022ff89b2e5c sp=0x0000006342bfbf10
Event: 173.900 Thread 0x0000022feaa36750 DEOPT UNPACKING pc=0x0000022ff6f169a3 sp=0x0000006342bfbe90 mode 2
Event: 173.900 Thread 0x0000022feaa36750 Uncommon trap: trap_request=0xffffffde fr.pc=0x0000022ff89b2e5c relative=0x000000000000005c
Event: 173.900 Thread 0x0000022feaa36750 Uncommon trap: reason=class_check action=maybe_recompile pc=0x0000022ff89b2e5c method=io.github.douira.glsl_transformer.ast.traversal.ASTVisitor.visitStatement(Lio/github/douira/glsl_transformer/ast/node/statement/Statement;)Ljava/lang/Object; @ 1 c2
Event: 173.900 Thread 0x0000022feaa36750 DEOPT PACKING pc=0x0000022ff89b2e5c sp=0x0000006342bfbce0
Event: 173.900 Thread 0x0000022feaa36750 DEOPT UNPACKING pc=0x0000022ff6f169a3 sp=0x0000006342bfbc60 mode 2
Event: 173.900 Thread 0x0000022feaa36750 Uncommon trap: trap_request=0xffffffde fr.pc=0x0000022ff89b2e5c relative=0x000000000000005c
Event: 173.900 Thread 0x0000022feaa36750 Uncommon trap: reason=class_check action=maybe_recompile pc=0x0000022ff89b2e5c method=io.github.douira.glsl_transformer.ast.traversal.ASTVisitor.visitStatement(Lio/github/douira/glsl_transformer/ast/node/statement/Statement;)Ljava/lang/Object; @ 1 c2
Event: 173.900 Thread 0x0000022feaa36750 DEOPT PACKING pc=0x0000022ff89b2e5c sp=0x0000006342bfbce0
Event: 173.900 Thread 0x0000022feaa36750 DEOPT UNPACKING pc=0x0000022ff6f169a3 sp=0x0000006342bfbc60 mode 2
Event: 173.900 Thread 0x0000022feaa36750 Uncommon trap: trap_request=0xffffffde fr.pc=0x0000022ff89b2e5c relative=0x000000000000005c
Event: 173.900 Thread 0x0000022feaa36750 Uncommon trap: reason=class_check action=maybe_recompile pc=0x0000022ff89b2e5c method=io.github.douira.glsl_transformer.ast.traversal.ASTVisitor.visitStatement(Lio/github/douira/glsl_transformer/ast/node/statement/Statement;)Ljava/lang/Object; @ 1 c2
Event: 173.900 Thread 0x0000022feaa36750 DEOPT PACKING pc=0x0000022ff89b2e5c sp=0x0000006342bfbf10
Event: 173.900 Thread 0x0000022feaa36750 DEOPT UNPACKING pc=0x0000022ff6f169a3 sp=0x0000006342bfbe90 mode 2

Classes unloaded (19 events):
Event: 70.770 Thread 0x0000022f8aeb4e40 Unloading class 0x0000000801039c00 'java/lang/invoke/LambdaForm$MH+0x0000000801039c00'
Event: 70.770 Thread 0x0000022f8aeb4e40 Unloading class 0x0000000801039400 'java/lang/invoke/LambdaForm$MH+0x0000000801039400'
Event: 70.770 Thread 0x0000022f8aeb4e40 Unloading class 0x0000000801038800 'java/lang/invoke/LambdaForm$MH+0x0000000801038800'
Event: 70.770 Thread 0x0000022f8aeb4e40 Unloading class 0x0000000801038000 'java/lang/invoke/LambdaForm$MH+0x0000000801038000'
Event: 70.770 Thread 0x0000022f8aeb4e40 Unloading class 0x0000000801037c00 'java/lang/invoke/LambdaForm$BMH+0x0000000801037c00'
Event: 70.770 Thread 0x0000022f8aeb4e40 Unloading class 0x0000000801037400 'java/lang/invoke/LambdaForm$DMH+0x0000000801037400'
Event: 70.770 Thread 0x0000022f8aeb4e40 Unloading class 0x0000000801036800 'java/lang/invoke/LambdaForm$MH+0x0000000801036800'
Event: 70.770 Thread 0x0000022f8aeb4e40 Unloading class 0x0000000801036000 'java/lang/invoke/LambdaForm$MH+0x0000000801036000'
Event: 70.770 Thread 0x0000022f8aeb4e40 Unloading class 0x0000000801035800 'java/lang/invoke/LambdaForm$MH+0x0000000801035800'
Event: 70.770 Thread 0x0000022f8aeb4e40 Unloading class 0x0000000801035000 'java/lang/invoke/LambdaForm$MH+0x0000000801035000'
Event: 70.770 Thread 0x0000022f8aeb4e40 Unloading class 0x0000000801034c00 'java/lang/invoke/LambdaForm$MH+0x0000000801034c00'
Event: 70.770 Thread 0x0000022f8aeb4e40 Unloading class 0x0000000801034000 'java/lang/invoke/LambdaForm$MH+0x0000000801034000'
Event: 70.770 Thread 0x0000022f8aeb4e40 Unloading class 0x0000000801033800 'java/lang/invoke/LambdaForm$MH+0x0000000801033800'
Event: 70.770 Thread 0x0000022f8aeb4e40 Unloading class 0x0000000801033000 'java/lang/invoke/LambdaForm$MH+0x0000000801033000'
Event: 70.770 Thread 0x0000022f8aeb4e40 Unloading class 0x0000000801032c00 'java/lang/invoke/LambdaForm$MH+0x0000000801032c00'
Event: 70.770 Thread 0x0000022f8aeb4e40 Unloading class 0x0000000801032000 'java/lang/invoke/LambdaForm$MH+0x0000000801032000'
Event: 70.770 Thread 0x0000022f8aeb4e40 Unloading class 0x0000000801031c00 'java/lang/invoke/LambdaForm$MH+0x0000000801031c00'
Event: 70.770 Thread 0x0000022f8aeb4e40 Unloading class 0x0000000801031000 'java/lang/invoke/LambdaForm$MH+0x0000000801031000'
Event: 70.770 Thread 0x0000022f8aeb4e40 Unloading class 0x0000000801030800 'java/lang/invoke/LambdaForm$MH+0x0000000801030800'

Classes redefined (0 events):
No events

Internal exceptions (20 events):
Event: 168.564 Thread 0x0000022feaa36750 Exception <a 'sun/nio/fs/WindowsException'{0x00000007f8b757d8}> (0x00000007f8b757d8) 
thrown [s\src\hotspot\share\prims\jni.cpp, line 516]
Event: 168.642 Thread 0x0000022feaa36750 Exception <a 'sun/nio/fs/WindowsException'{0x00000007f6079ab0}> (0x00000007f6079ab0) 
thrown [s\src\hotspot\share\prims\jni.cpp, line 516]
Event: 168.789 Thread 0x0000022feaa36750 Implicit null exception at 0x0000022ff887f853 to 0x0000022ff8881488
Event: 169.756 Thread 0x0000022feaa36750 Exception <a 'sun/nio/fs/WindowsException'{0x00000007f461b9b8}> (0x00000007f461b9b8) 
thrown [s\src\hotspot\share\prims\jni.cpp, line 516]
Event: 170.215 Thread 0x0000022feaa36750 Exception <a 'java/lang/NoSuchMethodError'{0x00000007f57a19f0}: 'void java.lang.invoke.DirectMethodHandle$Holder.invokeStatic(java.lang.Object, java.lang.Object, java.lang.Object, int, int, float)'> (0x00000007f57a19f0) 
thrown [s\src\hotspot\share\interpreter\linkResolver.cpp, line 759]
Event: 170.236 Thread 0x0000022feaa36750 Exception <a 'java/lang/NoSuchMethodError'{0x00000007f58c1638}: 'void java.lang.invoke.DirectMethodHandle$Holder.invokeStatic(java.lang.Object, java.lang.Object, java.lang.Object, java.lang.Object, int, int, float)'> (0x00000007f58c1638) 
thrown [s\src\hotspot\share\interpreter\linkResolver.cpp, line 759]
Event: 170.278 Thread 0x0000022f9e8f6490 Implicit null exception at 0x0000022ff74f6280 to 0x0000022ff74f7d56
Event: 170.533 Thread 0x0000022feaa36750 Exception <a 'java/lang/NoSuchMethodError'{0x00000007f250ae60}: 'float java.lang.invoke.DirectMethodHandle$Holder.invokeStatic(java.lang.Object)'> (0x00000007f250ae60) 
thrown [s\src\hotspot\share\interpreter\linkResolver.cpp, line 759]
Event: 170.644 Thread 0x0000022feaa36750 Exception <a 'java/lang/NoSuchMethodError'{0x00000007f2d61560}: 'float java.lang.invoke.DirectMethodHandle$Holder.invokeStaticInit(java.lang.Object, float, float)'> (0x00000007f2d61560) 
thrown [s\src\hotspot\share\interpreter\linkResolver.cpp, line 759]
Event: 170.663 Thread 0x0000022feaa36750 Exception <a 'java/lang/NoSuchMethodError'{0x00000007f2ea4258}: 'int java.lang.invoke.DirectMethodHandle$Holder.invokeStaticInit(java.lang.Object, float)'> (0x00000007f2ea4258) 
thrown [s\src\hotspot\share\interpreter\linkResolver.cpp, line 759]
Event: 170.679 Thread 0x0000022feaa36750 Exception <a 'java/lang/NoSuchMethodError'{0x00000007f2f65f10}: 'float java.lang.invoke.DirectMethodHandle$Holder.invokeStaticInit(java.lang.Object, float, float, float)'> (0x00000007f2f65f10) 
thrown [s\src\hotspot\share\interpreter\linkResolver.cpp, line 759]
Event: 170.682 Thread 0x0000022feaa36750 Exception <a 'java/lang/NoSuchMethodError'{0x00000007f2fb4868}: 'int java.lang.invoke.DirectMethodHandle$Holder.invokeVirtual(java.lang.Object, java.lang.Object, int)'> (0x00000007f2fb4868) 
thrown [s\src\hotspot\share\interpreter\linkResolver.cpp, line 759]
Event: 170.683 Thread 0x0000022feaa36750 Exception <a 'java/lang/NoSuchMethodError'{0x00000007f2fd0cd8}: 'float java.lang.invoke.DirectMethodHandle$Holder.invokeStaticInit(java.lang.Object, java.lang.Object, float, float)'> (0x00000007f2fd0cd8) 
thrown [s\src\hotspot\share\interpreter\linkResolver.cpp, line 759]
Event: 170.690 Thread 0x0000022feaa36750 Exception <a 'java/lang/NoSuchMethodError'{0x00000007f308fdc8}: 'int java.lang.invoke.DirectMethodHandle$Holder.invokeStaticInit(java.lang.Object, float, float, float)'> (0x00000007f308fdc8) 
thrown [s\src\hotspot\share\interpreter\linkResolver.cpp, line 759]
Event: 170.829 Thread 0x0000022feaa36750 Exception <a 'java/lang/NoSuchMethodError'{0x00000007f3a9bbf0}: 'void java.lang.invoke.DirectMethodHandle$Holder.invokeSpecialIFC(java.lang.Object, java.lang.Object, java.lang.Object, java.lang.Object, int)'> (0x00000007f3a9bbf0) 
thrown [s\src\hotspot\share\interpreter\linkResolver.cpp, line 759]
Event: 170.831 Thread 0x0000022feaa36750 Exception <a 'java/lang/NoSuchMethodError'{0x00000007f3ab3e70}: 'java.lang.Object java.lang.invoke.Invokers$Holder.linkToTargetMethod(float, java.lang.Object)'> (0x00000007f3ab3e70) 
thrown [s\src\hotspot\share\interpreter\linkResolver.cpp, line 759]
Event: 170.971 Thread 0x0000022f9b9e0d70 Implicit null exception at 0x0000022ff8966d84 to 0x0000022ff89681b4
Event: 171.689 Thread 0x0000022feaa36750 Exception <a 'java/lang/IncompatibleClassChangeError'{0x00000007ed952948}: Found class java.lang.Object, but interface was expected> (0x00000007ed952948) 
thrown [s\src\hotspot\share\interpreter\linkResolver.cpp, line 826]
Event: 172.533 Thread 0x0000022feaa36750 Exception <a 'java/lang/NoSuchMethodError'{0x00000007e9963070}: 'java.lang.Object java.lang.invoke.DirectMethodHandle$Holder.invokeSpecial(java.lang.Object, java.lang.Object, long, java.lang.Object, java.lang.Object, java.lang.Object, java.lang.Object, java.lang.Object, java.lang.Object)'> (0x00000007e9963070) 
thrown [s\src\hotspot\share\interpreter\linkResolver.cpp, line 759]
Event: 172.533 Thread 0x0000022feaa36750 Exception <a 'java/lang/NoSuchMethodError'{0x00000007e9967b50}: 'java.lang.Object java.lang.invoke.DelegatingMethodHandle$Holder.reinvoke_L(java.lang.Object, long, java.lang.Object, java.lang.Object, java.lang.Object, java.lang.Object, java.lang.Object, java.lang.Object)'> (0x00000007e9967b50) 
thrown [s\src\hotspot\share\interpreter\linkResolver.cpp, line 759]

VM Operations (20 events):
Event: 171.919 Executing VM operation: ICBufferFull
Event: 171.919 Executing VM operation: ICBufferFull done
Event: 171.982 Executing VM operation: HandshakeAllThreads
Event: 171.983 Executing VM operation: HandshakeAllThreads done
Event: 172.048 Executing VM operation: ICBufferFull
Event: 172.048 Executing VM operation: ICBufferFull done
Event: 172.352 Executing VM operation: ICBufferFull
Event: 172.352 Executing VM operation: ICBufferFull done
Event: 172.469 Executing VM operation: HandshakeAllThreads
Event: 172.469 Executing VM operation: HandshakeAllThreads done
Event: 172.471 Executing VM operation: HandshakeAllThreads
Event: 172.471 Executing VM operation: HandshakeAllThreads done
Event: 172.580 Executing VM operation: ICBufferFull
Event: 172.581 Executing VM operation: ICBufferFull done
Event: 172.997 Executing VM operation: ICBufferFull
Event: 172.997 Executing VM operation: ICBufferFull done
Event: 173.784 Executing VM operation: ICBufferFull
Event: 173.784 Executing VM operation: ICBufferFull done
Event: 174.386 Executing VM operation: ICBufferFull
Event: 174.387 Executing VM operation: ICBufferFull done

Events (20 events):
Event: 172.039 Thread 0x0000022f8f117640 flushing nmethod 0x0000022ff1e49810
Event: 172.039 Thread 0x0000022f8f117640 flushing nmethod 0x0000022ff1e4d990
Event: 172.039 Thread 0x0000022f8f117640 flushing nmethod 0x0000022ff1e4de10
Event: 172.039 Thread 0x0000022f8f117640 flushing nmethod 0x0000022ff1e53090
Event: 172.039 Thread 0x0000022f8f117640 flushing nmethod 0x0000022ff1e65390
Event: 172.039 Thread 0x0000022f8f117640 flushing nmethod 0x0000022ff1e6ad90
Event: 172.039 Thread 0x0000022f8f117640 flushing nmethod 0x0000022ff1e6bf10
Event: 172.039 Thread 0x0000022f8f117640 flushing nmethod 0x0000022ff1e6c910
Event: 172.039 Thread 0x0000022f8f117640 flushing nmethod 0x0000022ff1e6e090
Event: 172.039 Thread 0x0000022f8f117640 flushing nmethod 0x0000022ff1e6fd90
Event: 172.039 Thread 0x0000022f8f117640 flushing nmethod 0x0000022ff1e78690
Event: 172.039 Thread 0x0000022f8f117640 flushing nmethod 0x0000022ff1e79b10
Event: 172.039 Thread 0x0000022f8f117640 flushing nmethod 0x0000022ff1e85890
Event: 172.039 Thread 0x0000022f8f117640 flushing nmethod 0x0000022ff1ea6790
Event: 172.039 Thread 0x0000022f8f117640 flushing nmethod 0x0000022ff1eb6590
Event: 172.039 Thread 0x0000022f8f117640 flushing nmethod 0x0000022ff1ed3590
Event: 172.040 Thread 0x0000022f8f117640 flushing nmethod 0x0000022ff1ee2290
Event: 172.040 Thread 0x0000022f8f117640 flushing nmethod 0x0000022ff1ee2d90
Event: 172.040 Thread 0x0000022f8f117640 flushing nmethod 0x0000022ff1ee3d90
Event: 172.647 Thread 0x0000022fa03e2a80 Thread exited: 0x0000022fa03e2a80


Dynamic libraries:
0x00007ff71c580000 - 0x00007ff71c58e000 	D:\Cursey Forgy\Install\runtime\java-runtime-gamma\windows-x64\java-runtime-gamma\bin\javaw.exe
0x00007ffc435f0000 - 0x00007ffc43806000 	C:\Windows\SYSTEM32\ntdll.dll
0x00007ffc43030000 - 0x00007ffc430f4000 	C:\Windows\System32\KERNEL32.DLL
0x00007ffc40ad0000 - 0x00007ffc40e77000 	C:\Windows\System32\KERNELBASE.dll
0x00007ffc40910000 - 0x00007ffc40a21000 	C:\Windows\System32\ucrtbase.dll
0x00007ffc1d590000 - 0x00007ffc1d5a7000 	D:\Cursey Forgy\Install\runtime\java-runtime-gamma\windows-x64\java-runtime-gamma\bin\jli.dll
0x00007ffc1d4e0000 - 0x00007ffc1d4fb000 	D:\Cursey Forgy\Install\runtime\java-runtime-gamma\windows-x64\java-runtime-gamma\bin\VCRUNTIME140.dll
0x00007ffc41de0000 - 0x00007ffc41f8e000 	C:\Windows\System32\USER32.dll
0x00007ffc40aa0000 - 0x00007ffc40ac6000 	C:\Windows\System32\win32u.dll
0x00007ffc28ab0000 - 0x00007ffc28d43000 	C:\Windows\WinSxS\amd64_microsoft.windows.common-controls_6595b64144ccf1df_6.0.22621.3235_none_270f74e173860f98\COMCTL32.dll
0x00007ffc431c0000 - 0x00007ffc43267000 	C:\Windows\System32\msvcrt.dll
0x00007ffc42db0000 - 0x00007ffc42dd9000 	C:\Windows\System32\GDI32.dll
0x00007ffc41200000 - 0x00007ffc41319000 	C:\Windows\System32\gdi32full.dll
0x00007ffc41070000 - 0x00007ffc4110a000 	C:\Windows\System32\msvcp_win.dll
0x00007ffc42800000 - 0x00007ffc42831000 	C:\Windows\System32\IMM32.DLL
0x00007ffc33b80000 - 0x00007ffc33b8c000 	D:\Cursey Forgy\Install\runtime\java-runtime-gamma\windows-x64\java-runtime-gamma\bin\vcruntime140_1.dll
0x00007ffc09770000 - 0x00007ffc097fd000 	D:\Cursey Forgy\Install\runtime\java-runtime-gamma\windows-x64\java-runtime-gamma\bin\msvcp140.dll
0x00007ffb8ad30000 - 0x00007ffb8b995000 	D:\Cursey Forgy\Install\runtime\java-runtime-gamma\windows-x64\java-runtime-gamma\bin\server\jvm.dll
0x00007ffc43100000 - 0x00007ffc431b2000 	C:\Windows\System32\ADVAPI32.dll
0x00007ffc43270000 - 0x00007ffc43318000 	C:\Windows\System32\sechost.dll
0x00007ffc41110000 - 0x00007ffc41138000 	C:\Windows\System32\bcrypt.dll
0x00007ffc43320000 - 0x00007ffc43435000 	C:\Windows\System32\RPCRT4.dll
0x00007ffc27560000 - 0x00007ffc27569000 	C:\Windows\SYSTEM32\WSOCK32.dll
0x00007ffc3f900000 - 0x00007ffc3f94d000 	C:\Windows\SYSTEM32\POWRPROF.dll
0x00007ffc38990000 - 0x00007ffc389c4000 	C:\Windows\SYSTEM32\WINMM.dll
0x00007ffc43520000 - 0x00007ffc43591000 	C:\Windows\System32\WS2_32.dll
0x00007ffc39a10000 - 0x00007ffc39a1a000 	C:\Windows\SYSTEM32\VERSION.dll
0x00007ffc3f8e0000 - 0x00007ffc3f8f3000 	C:\Windows\SYSTEM32\UMPDC.dll
0x00007ffc3fa40000 - 0x00007ffc3fa58000 	C:\Windows\SYSTEM32\kernel.appcore.dll
0x00007ffc27550000 - 0x00007ffc2755a000 	D:\Cursey Forgy\Install\runtime\java-runtime-gamma\windows-x64\java-runtime-gamma\bin\jimage.dll
0x00007ffc3e410000 - 0x00007ffc3e643000 	C:\Windows\SYSTEM32\DBGHELP.DLL
0x00007ffc42840000 - 0x00007ffc42bc8000 	C:\Windows\System32\combase.dll
0x00007ffc43440000 - 0x00007ffc43517000 	C:\Windows\System32\OLEAUT32.dll
0x00007ffc0ff00000 - 0x00007ffc0ff32000 	C:\Windows\SYSTEM32\dbgcore.DLL
0x00007ffc40e80000 - 0x00007ffc40ef9000 	C:\Windows\System32\bcryptPrimitives.dll
0x00007ffc1d3c0000 - 0x00007ffc1d3e5000 	D:\Cursey Forgy\Install\runtime\java-runtime-gamma\windows-x64\java-runtime-gamma\bin\java.dll
0x00007ffc13d30000 - 0x00007ffc13d48000 	D:\Cursey Forgy\Install\runtime\java-runtime-gamma\windows-x64\java-runtime-gamma\bin\zip.dll
0x00007ffc04f60000 - 0x00007ffc05037000 	D:\Cursey Forgy\Install\runtime\java-runtime-gamma\windows-x64\java-runtime-gamma\bin\jsvml.dll
0x00007ffc41380000 - 0x00007ffc41bdc000 	C:\Windows\System32\SHELL32.dll
0x00007ffc3e870000 - 0x00007ffc3f169000 	C:\Windows\SYSTEM32\windows.storage.dll
0x00007ffc3e730000 - 0x00007ffc3e86e000 	C:\Windows\SYSTEM32\wintypes.dll
0x00007ffc42600000 - 0x00007ffc426f3000 	C:\Windows\System32\SHCORE.dll
0x00007ffc42df0000 - 0x00007ffc42e4e000 	C:\Windows\System32\shlwapi.dll
0x00007ffc40840000 - 0x00007ffc40861000 	C:\Windows\SYSTEM32\profapi.dll
0x00007ffc135e0000 - 0x00007ffc135f9000 	D:\Cursey Forgy\Install\runtime\java-runtime-gamma\windows-x64\java-runtime-gamma\bin\net.dll
0x00007ffc38f80000 - 0x00007ffc390b6000 	C:\Windows\SYSTEM32\WINHTTP.dll
0x00007ffc3feb0000 - 0x00007ffc3ff19000 	C:\Windows\system32\mswsock.dll
0x00007ffc11840000 - 0x00007ffc11856000 	D:\Cursey Forgy\Install\runtime\java-runtime-gamma\windows-x64\java-runtime-gamma\bin\nio.dll
0x00007ffc23c40000 - 0x00007ffc23c50000 	D:\Cursey Forgy\Install\runtime\java-runtime-gamma\windows-x64\java-runtime-gamma\bin\verify.dll
0x00007ffc1dab0000 - 0x00007ffc1dab9000 	D:\Cursey Forgy\Install\runtime\java-runtime-gamma\windows-x64\java-runtime-gamma\bin\management.dll
0x00007ffc1d790000 - 0x00007ffc1d79b000 	D:\Cursey Forgy\Install\runtime\java-runtime-gamma\windows-x64\java-runtime-gamma\bin\management_ext.dll
0x00007ffc41be0000 - 0x00007ffc41be8000 	C:\Windows\System32\PSAPI.DLL
0x00007ffc113c0000 - 0x00007ffc113d7000 	C:\Windows\system32\napinsp.dll
0x00007ffc11080000 - 0x00007ffc1109b000 	C:\Windows\system32\pnrpnsp.dll
0x00007ffc3f440000 - 0x00007ffc3f539000 	C:\Windows\SYSTEM32\DNSAPI.dll
0x00007ffc3f3d0000 - 0x00007ffc3f3fd000 	C:\Windows\SYSTEM32\IPHLPAPI.DLL
0x00007ffc42e50000 - 0x00007ffc42e59000 	C:\Windows\System32\NSI.dll
0x00007ffc107f0000 - 0x00007ffc10801000 	C:\Windows\System32\winrnr.dll
0x00007ffc38930000 - 0x00007ffc38945000 	C:\Windows\system32\wshbth.dll
0x00007ffc0c3b0000 - 0x00007ffc0c3d1000 	C:\Windows\system32\nlansp_c.dll
0x00007ffc2f0b0000 - 0x00007ffc2f0ba000 	C:\Windows\System32\rasadhlp.dll
0x00007ffc370e0000 - 0x00007ffc37163000 	C:\Windows\System32\fwpuclnt.dll
0x00007ffc02f00000 - 0x00007ffc02f75000 	D:\Cursey Forgy\Install\bin\cf2d1989014a70c9e2a96fd886f0adbe1222e2d3\lwjgl.dll
0x00007ffc028b0000 - 0x00007ffc02911000 	D:\Cursey Forgy\Install\bin\cf2d1989014a70c9e2a96fd886f0adbe1222e2d3\glfw.dll
0x00007ffc058f0000 - 0x00007ffc05936000 	C:\Windows\SYSTEM32\dinput8.dll
0x00007ffc1cd50000 - 0x00007ffc1cd61000 	C:\Windows\SYSTEM32\xinput1_4.dll
0x00007ffc405d0000 - 0x00007ffc4061e000 	C:\Windows\SYSTEM32\cfgmgr32.dll
0x00007ffc40620000 - 0x00007ffc4064c000 	C:\Windows\SYSTEM32\DEVOBJ.dll
0x00007ffc3def0000 - 0x00007ffc3df1b000 	C:\Windows\SYSTEM32\dwmapi.dll
0x00007ffc29c70000 - 0x00007ffc29e7a000 	C:\Windows\SYSTEM32\inputhost.dll
0x00007ffc3d250000 - 0x00007ffc3d384000 	C:\Windows\SYSTEM32\CoreMessaging.dll
0x00007ffc3dac0000 - 0x00007ffc3db6b000 	C:\Windows\system32\uxtheme.dll
0x00007ffc40130000 - 0x00007ffc4013c000 	C:\Windows\SYSTEM32\CRYPTBASE.DLL
0x00007ffc41c80000 - 0x00007ffc41dd3000 	C:\Windows\System32\MSCTF.dll
0x00007ffc18dd0000 - 0x00007ffc18ed0000 	C:\Windows\SYSTEM32\opengl32.dll
0x00007ffc18d60000 - 0x00007ffc18d8d000 	C:\Windows\SYSTEM32\GLU32.dll
0x00007ffc3dbc0000 - 0x00007ffc3dbf9000 	C:\Windows\SYSTEM32\dxcore.dll
0x00007ffc42010000 - 0x00007ffc420c0000 	C:\Windows\System32\clbcatq.dll
0x00007ffbb7ec0000 - 0x00007ffbbab64000 	C:\Windows\System32\DriverStore\FileRepository\nvhmi.inf_amd64_7bb1406cfa890b64\nvoglv64.dll
0x00007ffc42180000 - 0x00007ffc425f4000 	C:\Windows\System32\SETUPAPI.dll
0x00007ffc42e80000 - 0x00007ffc43025000 	C:\Windows\System32\ole32.dll
0x00007ffc3f780000 - 0x00007ffc3f794000 	C:\Windows\SYSTEM32\WTSAPI32.dll
0x00007ffc40170000 - 0x00007ffc40182000 	C:\Windows\SYSTEM32\msasn1.dll
0x00007ffc363e0000 - 0x00007ffc36412000 	C:\Windows\SYSTEM32\cryptnet.dll
0x00007ffc40f00000 - 0x00007ffc41067000 	C:\Windows\System32\CRYPT32.dll
0x00007ffc36280000 - 0x00007ffc363d8000 	C:\Windows\SYSTEM32\drvstore.dll
0x00007ffc401e0000 - 0x00007ffc40228000 	C:\Windows\SYSTEM32\wldp.dll
0x00007ffc40a30000 - 0x00007ffc40a9b000 	C:\Windows\System32\WINTRUST.dll
0x00007ffc3fa60000 - 0x00007ffc3fa94000 	C:\Windows\SYSTEM32\ntmarta.dll
0x00007ffc42d90000 - 0x00007ffc42daf000 	C:\Windows\System32\imagehlp.dll
0x00007ffc40110000 - 0x00007ffc4012b000 	C:\Windows\SYSTEM32\CRYPTSP.dll
0x00007ffc3f9a0000 - 0x00007ffc3f9d5000 	C:\Windows\system32\rsaenh.dll
0x00007ffc31000000 - 0x00007ffc3321e000 	C:\Windows\System32\DriverStore\FileRepository\nvhmi.inf_amd64_7bb1406cfa890b64\nvgpucomp64.dll
0x00007ffbb7bb0000 - 0x00007ffbb7eba000 	C:\Windows\system32\nvspcap64.dll
0x00007ffc3f6c0000 - 0x00007ffc3f726000 	C:\Windows\SYSTEM32\WINSTA.dll
0x00007ffbf07a0000 - 0x00007ffbf09f9000 	D:\Cursey Forgy\Install\bin\cf2d1989014a70c9e2a96fd886f0adbe1222e2d3\jemalloc.dll
0x00007ffc00fc0000 - 0x00007ffc01041000 	D:\Cursey Forgy\Install\bin\cf2d1989014a70c9e2a96fd886f0adbe1222e2d3\lwjgl_stb.dll
0x00007ffc30030000 - 0x00007ffc3017a000 	C:\Windows\SYSTEM32\textinputframework.dll
0x00007ffc02850000 - 0x00007ffc028ad000 	D:\Cursey Forgy\Install\bin\cf2d1989014a70c9e2a96fd886f0adbe1222e2d3\lwjgl_opengl.dll
0x00007ffc28330000 - 0x00007ffc28380000 	C:\Windows\SYSTEM32\pdh.dll
0x00007ffc1cf40000 - 0x00007ffc1cf51000 	C:\Windows\System32\perfproc.dll
0x00007ffc3ffb0000 - 0x00007ffc3ffd8000 	C:\Windows\SYSTEM32\USERENV.dll
0x00007ffc399f0000 - 0x00007ffc39a09000 	C:\Windows\SYSTEM32\dhcpcsvc6.DLL
0x00007ffc399c0000 - 0x00007ffc399df000 	C:\Windows\SYSTEM32\dhcpcsvc.DLL
0x00007ffc0fd80000 - 0x00007ffc0fdc0000 	D:\Cursey Forgy\Install\bin\cf2d1989014a70c9e2a96fd886f0adbe1222e2d3\jna7416511301076516614.dll
0x00007ffc2f590000 - 0x00007ffc2f5ad000 	C:\Windows\SYSTEM32\amsi.dll
0x00007ffc2f500000 - 0x00007ffc2f581000 	C:\ProgramData\Microsoft\Windows Defender\Platform\4.18.24030.9-0\MpOav.dll
0x00007ffc38560000 - 0x00007ffc388cc000 	C:\Windows\SYSTEM32\CoreUIComponents.dll
0x00007ffc1d320000 - 0x00007ffc1d32e000 	D:\Cursey Forgy\Install\runtime\java-runtime-gamma\windows-x64\java-runtime-gamma\bin\sunmscapi.dll
0x00007ffc402d0000 - 0x00007ffc402fe000 	C:\Windows\SYSTEM32\ncrypt.dll
0x00007ffc40290000 - 0x00007ffc402c7000 	C:\Windows\SYSTEM32\NTASN1.dll
0x00007ffbd7d00000 - 0x00007ffbd7d08000 	C:\Windows\system32\wshunix.dll
0x00007ffc3a010000 - 0x00007ffc3a0cc000 	C:\Windows\SYSTEM32\mscms.dll
0x00007ffc1d470000 - 0x00007ffc1d4b9000 	C:\Windows\SYSTEM32\icm32.dll
0x00007ffbf0610000 - 0x00007ffbf079f000 	D:\Cursey Forgy\Install\runtime\java-runtime-gamma\windows-x64\java-runtime-gamma\bin\awt.dll
0x00007ffc3d650000 - 0x00007ffc3d6e7000 	C:\Windows\SYSTEM32\apphelp.dll
0x00007ffbf0470000 - 0x00007ffbf0607000 	D:\Cursey Forgy\Install\bin\cf2d1989014a70c9e2a96fd886f0adbe1222e2d3\OpenAL.dll
0x00007ffc33a10000 - 0x00007ffc33aad000 	C:\Windows\System32\MMDevApi.dll
0x00007ffbd7dd0000 - 0x00007ffbd7f4a000 	C:\Windows\System32\Speech\Common\sapi.dll
0x00007ffc00f20000 - 0x00007ffc00fbc000 	D:\Cursey Forgy\Install\bin\cf2d1989014a70c9e2a96fd886f0adbe1222e2d3\jna3390681170330746648.dll
0x00007ffc2fd90000 - 0x00007ffc2ff7c000 	C:\Windows\SYSTEM32\AUDIOSES.DLL
0x00007ffc3df70000 - 0x00007ffc3df85000 	C:\Windows\SYSTEM32\resourcepolicyclient.dll

dbghelp: loaded successfully - version: 4.0.5 - missing functions: none
symbol engine: initialized successfully - sym options: 0x614 - pdb path: .;D:\Cursey Forgy\Install\runtime\java-runtime-gamma\windows-x64\java-runtime-gamma\bin;C:\Windows\SYSTEM32;C:\Windows\WinSxS\amd64_microsoft.windows.common-controls_6595b64144ccf1df_6.0.22621.3235_none_270f74e173860f98;D:\Cursey Forgy\Install\runtime\java-runtime-gamma\windows-x64\java-runtime-gamma\bin\server;D:\Cursey Forgy\Install\bin\cf2d1989014a70c9e2a96fd886f0adbe1222e2d3;C:\Windows\System32\DriverStore\FileRepository\nvhmi.inf_amd64_7bb1406cfa890b64;C:\ProgramData\Microsoft\Windows Defender\Platform\4.18.24030.9-0;C:\Windows\System32\Speech\Common

VM Arguments:
jvm_args: -XX:HeapDumpPath=MojangTricksIntelDriversForPerformance_javaw.exe_minecraft.exe.heapdump -Djava.library.path=D:\Cursey Forgy\Install\bin\cf2d1989014a70c9e2a96fd886f0adbe1222e2d3 -Djna.tmpdir=D:\Cursey Forgy\Install\bin\cf2d1989014a70c9e2a96fd886f0adbe1222e2d3 -Dorg.lwjgl.system.SharedLibraryExtractPath=D:\Cursey Forgy\Install\bin\cf2d1989014a70c9e2a96fd886f0adbe1222e2d3 -Dio.netty.native.workdir=D:\Cursey Forgy\Install\bin\cf2d1989014a70c9e2a96fd886f0adbe1222e2d3 -Dminecraft.launcher.brand=minecraft-launcher -Dminecraft.launcher.version=2.22.14 -Djava.net.preferIPv6Addresses=system -DignoreList=bootstraplauncher,securejarhandler,asm-commons,asm-util,asm-analysis,asm-tree,asm,JarJarFileSystems,client-extra,fmlcore,javafmllanguage,lowcodelanguage,mclanguage,forge-,forge-47.2.23.jar,forge-47.2.23 -DmergeModules=jna-5.10.0.jar,jna-platform-5.10.0.jar -DlibraryDirectory=D:\Cursey Forgy\Install\libraries --module-path=D:\Cursey Forgy\Install\libraries/cpw/mods/bootstraplauncher/1.1.2/bootstraplauncher-1.1.2.jar;D:\Cursey Forgy\Install\libraries/cpw/mods/securejarhandler/2.1.10/securejarhandler-2.1.10.jar;D:\Cursey Forgy\Install\libraries/org/ow2/asm/asm-commons/9.7/asm-commons-9.7.jar;D:\Cursey Forgy\Install\libraries/org/ow2/asm/asm-util/9.7/asm-util-9.7.jar;D:\Cursey Forgy\Install\libraries/org/ow2/asm/asm-analysis/9.7/asm-analysis-9.7.jar;D:\Cursey Forgy\Install\libraries/org/ow2/asm/asm-tree/9.7/asm-tree-9.7.jar;D:\Cursey Forgy\Install\libraries/org/ow2/asm/asm/9.7/asm-9.7.jar;D:\Cursey Forgy\Install\libraries/net/minecraftforge/JarJarFileSystems/0.3.19/JarJarFileSystems-0.3.19.jar --add-modules=ALL-MODULE-PATH --add-opens=java.base/java.util.jar=cpw.mods.securejarhandler --add-opens=java.base/java.lang.invoke=cpw.mods.securejarhandler --add-exports=java.base/sun.security.util=cpw.mods.securejarhandler --add-exports=jdk.naming.dns/com.sun.jndi.dns=java.naming -Xmx3904m -Xms256m -Dminecraft.applet.TargetDirectory=D:\Cursey Forgy\Instances\SkyMachina -Dfml.ignorePatchDiscrepancies=true -Dfml.ignoreInvalidMinecraftCertificates=true -Duser.language=en -Duser.country=US -DlibraryDirectory=D:\Cursey Forgy\Install\libraries -XX:+UseG1GC -XX:+ParallelRefProcEnabled -XX:MaxGCPauseMillis=200 -XX:+UnlockExperimentalVMOptions -XX:+DisableExplicitGC -XX:+AlwaysPreTouch -XX:G1NewSizePercent=30 -XX:G1MaxNewSizePercent=40 -XX:G1HeapRegionSize=32M -XX:G1ReservePercent=20 -XX:G1HeapWastePercent=5 -XX:G1MixedGCCountTarget=4 -XX:InitiatingHeapOccupancyPercent=15 -XX:G1MixedGCLiveThresholdPercent=90 -XX:G1RSetUpdatingPauseTimePercent=5 -XX:SurvivorRatio=32 -XX:+PerfDisableSharedMem -XX:MaxTenuringThreshold=1 -Dusing.aikars.flags=https://mcflags.emc.gs -Daikars.new.flags=true -Dlog4j.configurationFile=D:\Cursey Forgy\Install\assets\log_configs\client-1.12.xml 
java_command: cpw.mods.bootstraplauncher.BootstrapLauncher --username ACrazyD --version forge-47.2.23 --gameDir D:\Cursey Forgy\Instances\SkyMachina --assetsDir D:\Cursey Forgy\Install\assets --assetIndex 5 --uuid e7571960a0c04e1e80c06bff047db401 --accessToken eyJraWQiOiJhYzg0YSIsImFsZyI6IkhTMjU2In0.eyJ4dWlkIjoiMjUzNTQ3MjI5ODc3NTQ1MyIsImFnZyI6IkFkdWx0Iiwic3ViIjoiYTViNTk5NGEtNmFjNC00ODA2LTlkZDQtNWMxZmIyZGUxMzNkIiwiYXV0aCI6IlhCT1giLCJucyI6ImRlZmF1bHQiLCJyb2xlcyI6W10sImlzcyI6ImF1dGhlbnRpY2F0aW9uIiwiZmxhZ3MiOlsidHdvZmFjdG9yYXV0aCIsIm1zYW1pZ3JhdGlvbl9zdGFnZTQiLCJvcmRlcnNfMjAyMiIsIm11bHRpcGxheWVyIl0sInByb2ZpbGVzIjp7Im1jIjoiZTc1NzE5NjAtYTBjMC00ZTFlLTgwYzAtNmJmZjA0N2RiNDAxIn0sInBsYXRmb3JtIjoiUENfTEFVTkNIRVIiLCJ5dWlkIjoiM2ZlOWZjMTRiYmMyNGE2ZDYyYzgwMDdjNjkyZDFlNDYiLCJuYmYiOjE3MTM2MzQzNDEsImV4cCI6MTcxMzcyMDc0MSwiaWF0IjoxNzEzNjM0MzQxfQ._kyXmNjmF4IiCroUA7xYqMFUUj4XmeK_bLM3LKivUeo --clientId MDUyYzg1ZDgtM2RjMy00NDY1LWFkZTUtNmEzOThhYWM1NDE3 --xuid 2535472298775453 --userType msa --versionType release --width 1024 --height 768 --quickPlayPath D:\Cursey Forgy\Install\quickPlay\java\1713634938574.json --launchTarget forgeclient --fml.forgeVersion 47.2.23 --fml.mcVersion 1.20.1 --fml.forgeGroup net.minecraftforge --fml.mcpVersion 20230612.114412
java_class_path (initial): D:\Cursey Forgy\Install\libraries\cpw\mods\securejarhandler\2.1.10\securejarhandler-2.1.10.jar;D:\Cursey Forgy\Install\libraries\org\ow2\asm\asm\9.7\asm-9.7.jar;D:\Cursey Forgy\Install\libraries\org\ow2\asm\asm-commons\9.7\asm-commons-9.7.jar;D:\Cursey Forgy\Install\libraries\org\ow2\asm\asm-tree\9.7\asm-tree-9.7.jar;D:\Cursey Forgy\Install\libraries\org\ow2\asm\asm-util\9.7\asm-util-9.7.jar;D:\Cursey Forgy\Install\libraries\org\ow2\asm\asm-analysis\9.7\asm-analysis-9.7.jar;D:\Cursey Forgy\Install\libraries\net\minecraftforge\accesstransformers\8.0.4\accesstransformers-8.0.4.jar;D:\Cursey Forgy\Install\libraries\org\antlr\antlr4-runtime\4.9.1\antlr4-runtime-4.9.1.jar;D:\Cursey Forgy\Install\libraries\net\minecraftforge\eventbus\6.0.5\eventbus-6.0.5.jar;D:\Cursey Forgy\Install\libraries\net\minecraftforge\forgespi\7.0.1\forgespi-7.0.1.jar;D:\Cursey Forgy\Install\libraries\net\minecraftforge\coremods\5.1.6\coremods-5.1.6.jar;D:\Cursey Forgy\Install\libraries\cpw\mods\modlauncher\10.0.9\modlauncher-10.0.9.jar;D:\Cursey Forgy\Install\libraries\net\minecraftforge\unsafe\0.2.0\unsafe-0.2.0.jar;D:\Cursey Forgy\Install\libraries\net\minecraftforge\mergetool\1.1.5\mergetool-1.1.5-api.jar;D:\Cursey Forgy\Install\libraries\com\electronwill\night-config\core\3.6.4\core-3.6.4.jar;D:\Cursey Forgy\Install\libraries\com\electronwill\night-config\toml\3.6.4\toml-3.6.4.jar;D:\Cursey Forgy\Install\libraries\org\apache\maven\maven-artifact\3.8.5\maven-artifact-3.8.5.jar;D:\Cursey Forgy\Install\libraries\net\jodah\typetools\0.6.3\typetools-0.6.3.jar;D:\Cursey Forgy\Install\libraries\net\minecrell\terminalconsoleappender\1.2.0\terminalconsoleappender-1.2.0.jar;D:\Cursey Forgy\Install\libraries\org\jline\jline-reader\3.12.1\jline-reader-3.12.1.jar;D:\Cursey Forgy\Install\libraries\org\jline\jline-terminal\3.12.1\jline-terminal-3.12.1.jar;D:\Cursey Forgy\Install\libraries\org\spongepowered\mixin\0.8.5\mixin-0.8.5.jar;D:\Cursey Forgy\Install\libraries\org\openjd
Launcher Type: SUN_STANDARD

[Global flags]
     bool AlwaysPreTouch                           = true                                      {product} {command line}
     bool AlwaysTenure                             = false                                     {product} {command line}
     intx CICompilerCount                          = 4                                         {product} {ergonomic}
     uint ConcGCThreads                            = 2                                         {product} {ergonomic}
     bool DisableExplicitGC                        = true                                      {product} {command line}
     uint G1ConcRefinementThreads                  = 8                                         {product} {ergonomic}
     uint G1EagerReclaimRemSetThreshold            = 256                                  {experimental} {ergonomic}
   size_t G1HeapRegionSize                         = 33554432                                  {product} {command line}
    uintx G1HeapWastePercent                       = 5                                         {product} {command line}
    uintx G1MaxNewSizePercent                      = 40                                   {experimental} {command line}
    uintx G1MixedGCCountTarget                     = 4                                         {product} {command line}
    uintx G1MixedGCLiveThresholdPercent            = 90                                   {experimental} {command line}
    uintx G1NewSizePercent                         = 30                                   {experimental} {command line}
     intx G1RSetUpdatingPauseTimePercent           = 5                                         {product} {command line}
    uintx G1ReservePercent                         = 20                                        {product} {command line}
    uintx GCDrainStackTargetSize                   = 64                                        {product} {ergonomic}
    ccstr HeapDumpPath                             = MojangTricksIntelDriversForPerformance_javaw.exe_minecraft.exe.heapdump         {manageable} {command line}
   size_t InitialHeapSize                          = 268435456                                 {product} {command line}
    uintx InitialTenuringThreshold                 = 1                                         {product} {ergonomic}
    uintx InitiatingHeapOccupancyPercent           = 15                                        {product} {command line}
   size_t MarkStackSize                            = 4194304                                   {product} {ergonomic}
    uintx MaxGCPauseMillis                         = 200                                       {product} {command line}
   size_t MaxHeapSize                              = 4093640704                                {product} {command line}
   size_t MaxNewSize                               = 1610612736                                {product} {ergonomic}
    uintx MaxTenuringThreshold                     = 1                                         {product} {command line}
   size_t MinHeapDeltaBytes                        = 33554432                                  {product} {ergonomic}
   size_t MinHeapSize                              = 268435456                                 {product} {command line}
     bool NeverTenure                              = false                                     {product} {command line}
    uintx NonNMethodCodeHeapSize                   = 5839372                                {pd product} {ergonomic}
    uintx NonProfiledCodeHeapSize                  = 122909434                              {pd product} {ergonomic}
     bool ParallelRefProcEnabled                   = true                                      {product} {command line}
     bool PerfDisableSharedMem                     = true                                      {product} {command line}
    uintx ProfiledCodeHeapSize                     = 122909434                              {pd product} {ergonomic}
    uintx ReservedCodeCacheSize                    = 251658240                              {pd product} {ergonomic}
     bool SegmentedCodeCache                       = true                                      {product} {ergonomic}
   size_t SoftMaxHeapSize                          = 4093640704                             {manageable} {ergonomic}
    uintx SurvivorRatio                            = 32                                        {product} {command line}
     bool UnlockExperimentalVMOptions              = true                                 {experimental} {command line}
     bool UseCompressedClassPointers               = true                           {product lp64_product} {ergonomic}
     bool UseCompressedOops                        = true                           {product lp64_product} {ergonomic}
     bool UseFastUnorderedTimeStamps               = true                                 {experimental} {ergonomic}
     bool UseG1GC                                  = true                                      {product} {command line}
     bool UseLargePagesIndividualAllocation        = false                                  {pd product} {ergonomic}

Logging:
Log output configuration:
 #0: stdout all=warning uptime,level,tags
 #1: stderr all=off uptime,level,tags

Environment Variables:
PATH=C:\Windows\system32;C:\Windows;C:\Windows\System32\Wbem;C:\Windows\System32\WindowsPowerShell\v1.0\;C:\Windows\System32\OpenSSH\;C:\Program Files\NVIDIA Corporation\NVIDIA App\NvDLISR;C:\Program Files (x86)\NVIDIA Corporation\PhysX\Common;C:\ProgramData\chocolatey\bin;C:\Program Files\Git\cmd;C:\Users\Merli\AppData\Local\Microsoft\WindowsApps;C:\Users\Merli\AppData\Local\Microsoft\WinGet\Links;C:\Users\Merli\AppData\Local\Programs\Microsoft VS Code\bin
USERNAME=Merli
OS=Windows_NT
PROCESSOR_IDENTIFIER=Intel64 Family 6 Model 158 Stepping 9, GenuineIntel
TMP=C:\Users\Merli\AppData\Local\Temp
TEMP=C:\Users\Merli\AppData\Local\Temp



---------------  S Y S T E M  ---------------

OS:
 Windows 11 , 64 bit Build 22621 (10.0.22621.3374)
OS uptime: 0 days 3:37 hours

CPU: total 8 (initial active 8) (4 cores per cpu, 2 threads per core) family 6 model 158 stepping 9 microcode 0xde, cx8, cmov, fxsr, ht, mmx, 3dnowpref, sse, sse2, sse3, ssse3, sse4.1, sse4.2, popcnt, lzcnt, tsc, tscinvbit, avx, avx2, aes, erms, clmul, bmi1, bmi2, adx, fma, vzeroupper, clflush, clflushopt
Processor Information for all 8 processors :
  Max Mhz: 2808, Current Mhz: 2808, Mhz Limit: 2808

Memory: 4k page, system-wide physical 8070M (426M free)
TotalPageFile size 23223M (AvailPageFile size 5M)
current process WorkingSet (physical memory assigned to process): 2922M, peak: 3028M
current process commit charge ("private bytes"): 7025M, peak: 7025M

vm_info: OpenJDK 64-Bit Server VM (17.0.8+7-LTS) for windows-amd64 JRE (17.0.8+7-LTS), built on Jul  7 2023 17:21:55 by "MicrosoftCorporation" with MS VC++ 16.10 / 16.11 (VS2019)

END.
